#
# There is insufficient memory for the Java Runtime Environment to continue.
# Native memory allocation (malloc) failed to allocate 956576 bytes for Chunk::new
# Possible reasons:
#   The system is out of physical RAM or swap space
#   The process is running with CompressedOops enabled, and the Java Heap may be blocking the growth of the native heap
# Possible solutions:
#   Reduce memory load on the system
#   Increase physical memory or swap space
#   Check if swap backing store is full
#   Decrease Java heap size (-Xmx/-Xms)
#   Decrease number of Java threads
#   Decrease Java thread stack sizes (-Xss)
#   Set larger code cache with -XX:ReservedCodeCacheSize=
#   JVM is running with Unscaled Compressed Oops mode in which the Java heap is
#     placed in the first 4GB address space. The Java Heap base address is the
#     maximum limit for the native heap growth. Please use -XX:HeapBaseMinAddress
#     to set the Java Heap base and to place the Java Heap above 4GB virtual address.
# This output file may be truncated or incomplete.
#
#  Out of Memory Error (arena.cpp:189), pid=29472, tid=27104
#
# JRE version: OpenJDK Runtime Environment (17.0.6) (build 17.0.6+0-b2043.56-10027231)
# Java VM: OpenJDK 64-Bit Server VM (17.0.6+0-b2043.56-10027231, mixed mode, tiered, compressed oops, compressed class ptrs, g1 gc, windows-amd64)
# No core dump will be written. Minidumps are not enabled by default on client versions of Windows
#

---------------  S U M M A R Y ------------

Command Line: org.jetbrains.kotlin.cli.jvm.K2JVMCompiler @C:\Users\Nurkholis\Downloads\struklearn-v1.0.1\app\build\20231216_8150680574777170249.compiler.options

Host: AMD Ryzen 5 5500U with Radeon Graphics         , 12 cores, 7G,  Windows 11 , 64 bit Build 22621 (10.0.22621.2506)
Time: Sat Dec 16 16:48:37 2023 SE Asia Standard Time elapsed time: 10.842207 seconds (0d 0h 0m 10s)

---------------  T H R E A D  ---------------

Current thread (0x00000280e0432040):  JavaThread "C2 CompilerThread0" daemon [_thread_in_native, id=27104, stack(0x000000e173300000,0x000000e173400000)]


Current CompileTask:
C2:  10842 7001       4       org.jetbrains.kotlin.resolve.lazy.ForceResolveUtil::doForceResolveAllContents (222 bytes)

Stack: [0x000000e173300000,0x000000e173400000]
Native frames: (J=compiled Java code, j=interpreted, Vv=VM code, C=native code)
V  [jvm.dll+0x683c9a]
V  [jvm.dll+0x8427a4]
V  [jvm.dll+0x843f9e]
V  [jvm.dll+0x844603]
V  [jvm.dll+0x249b75]
V  [jvm.dll+0xabcac]
V  [jvm.dll+0xac27c]
V  [jvm.dll+0x2b0eef]
V  [jvm.dll+0x58a267]
V  [jvm.dll+0x2243b2]
V  [jvm.dll+0x22478f]
V  [jvm.dll+0x21e055]
V  [jvm.dll+0x21b51b]
V  [jvm.dll+0x1a4fdd]
V  [jvm.dll+0x22b098]
V  [jvm.dll+0x229159]
V  [jvm.dll+0x7f81ec]
V  [jvm.dll+0x7f274a]
V  [jvm.dll+0x682ad5]
C  [ucrtbase.dll+0x29363]
C  [KERNEL32.DLL+0x1257d]
C  [ntdll.dll+0x5aa58]


---------------  P R O C E S S  ---------------

Threads class SMR info:
_java_thread_list=0x00000280e55fb020, length=12, elements={
0x00000280c5d2bba0, 0x00000280df9a7260, 0x00000280e04030a0, 0x00000280df9a8510,
0x00000280df9a9180, 0x00000280e04304f0, 0x00000280e04312b0, 0x00000280e0432040,
0x00000280e0432ae0, 0x00000280e04343f0, 0x00000280e05bf5f0, 0x00000280e05c6f00
}

Java Threads: ( => current thread )
  0x00000280c5d2bba0 JavaThread "main" [_thread_in_vm, id=24732, stack(0x000000e172600000,0x000000e172700000)]
  0x00000280df9a7260 JavaThread "Reference Handler" daemon [_thread_blocked, id=25660, stack(0x000000e172d00000,0x000000e172e00000)]
  0x00000280e04030a0 JavaThread "Finalizer" daemon [_thread_blocked, id=17136, stack(0x000000e172e00000,0x000000e172f00000)]
  0x00000280df9a8510 JavaThread "Signal Dispatcher" daemon [_thread_blocked, id=19156, stack(0x000000e172f00000,0x000000e173000000)]
  0x00000280df9a9180 JavaThread "Attach Listener" daemon [_thread_blocked, id=7864, stack(0x000000e173000000,0x000000e173100000)]
  0x00000280e04304f0 JavaThread "Service Thread" daemon [_thread_blocked, id=9176, stack(0x000000e173100000,0x000000e173200000)]
  0x00000280e04312b0 JavaThread "Monitor Deflation Thread" daemon [_thread_blocked, id=17952, stack(0x000000e173200000,0x000000e173300000)]
=>0x00000280e0432040 JavaThread "C2 CompilerThread0" daemon [_thread_in_native, id=27104, stack(0x000000e173300000,0x000000e173400000)]
  0x00000280e0432ae0 JavaThread "C1 CompilerThread0" daemon [_thread_in_native, id=24936, stack(0x000000e173400000,0x000000e173500000)]
  0x00000280e04343f0 JavaThread "Sweeper thread" daemon [_thread_blocked, id=9964, stack(0x000000e173500000,0x000000e173600000)]
  0x00000280e05bf5f0 JavaThread "Notification Thread" daemon [_thread_blocked, id=24796, stack(0x000000e173600000,0x000000e173700000)]
  0x00000280e05c6f00 JavaThread "Common-Cleaner" daemon [_thread_blocked, id=29040, stack(0x000000e173800000,0x000000e173900000)]

Other Threads:
  0x00000280df97ebc0 VMThread "VM Thread" [stack: 0x000000e172c00000,0x000000e172d00000] [id=28720]
  0x00000280e04f3390 WatcherThread [stack: 0x000000e173700000,0x000000e173800000] [id=29264]
  0x00000280c5d832d0 GCTaskThread "GC Thread#0" [stack: 0x000000e172700000,0x000000e172800000] [id=2828]
  0x00000280e0bbe730 GCTaskThread "GC Thread#1" [stack: 0x000000e173a00000,0x000000e173b00000] [id=25932]
  0x00000280e0be8960 GCTaskThread "GC Thread#2" [stack: 0x000000e173b00000,0x000000e173c00000] [id=29524]
  0x00000280e0be8c10 GCTaskThread "GC Thread#3" [stack: 0x000000e173c00000,0x000000e173d00000] [id=8484]
  0x00000280e0be8ec0 GCTaskThread "GC Thread#4" [stack: 0x000000e173d00000,0x000000e173e00000] [id=25732]
  0x00000280e1a50e90 GCTaskThread "GC Thread#5" [stack: 0x000000e173e00000,0x000000e173f00000] [id=14072]
  0x00000280e1b2e420 GCTaskThread "GC Thread#6" [stack: 0x000000e173f00000,0x000000e174000000] [id=28996]
  0x00000280e1ae6080 GCTaskThread "GC Thread#7" [stack: 0x000000e174000000,0x000000e174100000] [id=26288]
  0x00000280e1ae6330 GCTaskThread "GC Thread#8" [stack: 0x000000e174100000,0x000000e174200000] [id=10044]
  0x00000280e1ae65e0 GCTaskThread "GC Thread#9" [stack: 0x000000e174200000,0x000000e174300000] [id=22036]
  0x00000280c5d92c90 ConcurrentGCThread "G1 Main Marker" [stack: 0x000000e172800000,0x000000e172900000] [id=27364]
  0x00000280c5d936a0 ConcurrentGCThread "G1 Conc#0" [stack: 0x000000e172900000,0x000000e172a00000] [id=19004]
  0x00000280e1ae5dd0 ConcurrentGCThread "G1 Conc#1" [stack: 0x000000e174300000,0x000000e174400000] [id=13496]
  0x00000280e1ae6890 ConcurrentGCThread "G1 Conc#2" [stack: 0x000000e174400000,0x000000e174500000] [id=26060]
  0x00000280df7d40c0 ConcurrentGCThread "G1 Refine#0" [stack: 0x000000e172a00000,0x000000e172b00000] [id=22364]
  0x00000280e53a8170 ConcurrentGCThread "G1 Refine#1" [stack: 0x000000e174500000,0x000000e174600000] [id=28972]
  0x00000280e3ed95d0 ConcurrentGCThread "G1 Refine#2" [stack: 0x000000e174600000,0x000000e174700000] [id=23424]
  0x00000280df7d49f0 ConcurrentGCThread "G1 Service" [stack: 0x000000e172b00000,0x000000e172c00000] [id=23640]

Threads with active compile tasks:
C2 CompilerThread0    10872 7001       4       org.jetbrains.kotlin.resolve.lazy.ForceResolveUtil::doForceResolveAllContents (222 bytes)
C1 CompilerThread0    10872 7103       2       org.jetbrains.org.objectweb.asm.MethodVisitor::visitLabel (16 bytes)

VM state: not at safepoint (normal execution)

VM Mutex/Monitor currently owned by a thread: None

Heap address: 0x000000008ac00000, size: 1876 MB, Compressed Oops mode: 32-bit

CDS archive(s) not mapped
Compressed class space mapped at: 0x0000000100000000-0x0000000140000000, reserved size: 1073741824
Narrow klass base: 0x0000000000000000, Narrow klass shift: 3, Narrow klass range: 0x140000000

GC Precious Log:
 CPUs: 12 total, 12 available
 Memory: 7502M
 Large Page Support: Disabled
 NUMA Support: Disabled
 Compressed Oops: Enabled (32-bit)
 Heap Region Size: 1M
 Heap Min Capacity: 8M
 Heap Initial Capacity: 118M
 Heap Max Capacity: 1876M
 Pre-touch: Disabled
 Parallel Workers: 10
 Concurrent Workers: 3
 Concurrent Refinement Workers: 10
 Periodic GC: Disabled

Heap:
 garbage-first heap   total 106496K, used 71494K [0x000000008ac00000, 0x0000000100000000)
  region size 1024K, 18 young (18432K), 4 survivors (4096K)
 Metaspace       used 62063K, committed 62400K, reserved 1105920K
  class space    used 7392K, committed 7552K, reserved 1048576K

Heap Regions: E=young(eden), S=young(survivor), O=old, HS=humongous(starts), HC=humongous(continues), CS=collection set, F=free, OA=open archive, CA=closed archive, TAMS=top-at-mark-start (previous, next)
|   0|0x000000008ac00000, 0x000000008ad00000, 0x000000008ad00000|100%|HS|  |TAMS 0x000000008ad00000, 0x000000008ac00000| Complete 
|   1|0x000000008ad00000, 0x000000008ae00000, 0x000000008ae00000|100%|HC|  |TAMS 0x000000008ae00000, 0x000000008ad00000| Complete 
|   2|0x000000008ae00000, 0x000000008af00000, 0x000000008af00000|100%|HC|  |TAMS 0x000000008af00000, 0x000000008ae00000| Complete 
|   3|0x000000008af00000, 0x000000008b000000, 0x000000008b000000|100%|HC|  |TAMS 0x000000008b000000, 0x000000008af00000| Complete 
|   4|0x000000008b000000, 0x000000008b100000, 0x000000008b100000|100%| O|  |TAMS 0x000000008b100000, 0x000000008b000000| Untracked 
|   5|0x000000008b100000, 0x000000008b200000, 0x000000008b200000|100%| O|  |TAMS 0x000000008b200000, 0x000000008b100000| Untracked 
|   6|0x000000008b200000, 0x000000008b300000, 0x000000008b300000|100%| O|  |TAMS 0x000000008b300000, 0x000000008b200000| Untracked 
|   7|0x000000008b300000, 0x000000008b400000, 0x000000008b400000|100%| O|  |TAMS 0x000000008b400000, 0x000000008b300000| Untracked 
|   8|0x000000008b400000, 0x000000008b500000, 0x000000008b500000|100%|HS|  |TAMS 0x000000008b500000, 0x000000008b400000| Complete 
|   9|0x000000008b500000, 0x000000008b600000, 0x000000008b600000|100%|HC|  |TAMS 0x000000008b600000, 0x000000008b500000| Complete 
|  10|0x000000008b600000, 0x000000008b700000, 0x000000008b700000|100%|HC|  |TAMS 0x000000008b700000, 0x000000008b600000| Complete 
|  11|0x000000008b700000, 0x000000008b800000, 0x000000008b800000|100%|HC|  |TAMS 0x000000008b800000, 0x000000008b700000| Complete 
|  12|0x000000008b800000, 0x000000008b900000, 0x000000008b900000|100%| O|  |TAMS 0x000000008b900000, 0x000000008b800000| Untracked 
|  13|0x000000008b900000, 0x000000008b900000, 0x000000008ba00000|  0%| F|  |TAMS 0x000000008b900000, 0x000000008b900000| Untracked 
|  14|0x000000008ba00000, 0x000000008bb00000, 0x000000008bb00000|100%| O|  |TAMS 0x000000008bb00000, 0x000000008ba00000| Untracked 
|  15|0x000000008bb00000, 0x000000008bc00000, 0x000000008bc00000|100%| O|  |TAMS 0x000000008bc00000, 0x000000008bb00000| Untracked 
|  16|0x000000008bc00000, 0x000000008bd00000, 0x000000008bd00000|100%| O|  |TAMS 0x000000008bd00000, 0x000000008bc00000| Untracked 
|  17|0x000000008bd00000, 0x000000008be00000, 0x000000008be00000|100%| O|  |TAMS 0x000000008be00000, 0x000000008bd00000| Untracked 
|  18|0x000000008be00000, 0x000000008bf00000, 0x000000008bf00000|100%| O|  |TAMS 0x000000008bf00000, 0x000000008be00000| Untracked 
|  19|0x000000008bf00000, 0x000000008c000000, 0x000000008c000000|100%| O|  |TAMS 0x000000008c000000, 0x000000008bf00000| Untracked 
|  20|0x000000008c000000, 0x000000008c100000, 0x000000008c100000|100%| O|  |TAMS 0x000000008c100000, 0x000000008c000000| Untracked 
|  21|0x000000008c100000, 0x000000008c200000, 0x000000008c200000|100%| O|  |TAMS 0x000000008c200000, 0x000000008c100000| Complete 
|  22|0x000000008c200000, 0x000000008c300000, 0x000000008c300000|100%| O|  |TAMS 0x000000008c300000, 0x000000008c200000| Untracked 
|  23|0x000000008c300000, 0x000000008c400000, 0x000000008c400000|100%| O|  |TAMS 0x000000008c400000, 0x000000008c300000| Untracked 
|  24|0x000000008c400000, 0x000000008c500000, 0x000000008c500000|100%| O|  |TAMS 0x000000008c500000, 0x000000008c400000| Untracked 
|  25|0x000000008c500000, 0x000000008c600000, 0x000000008c600000|100%| O|  |TAMS 0x000000008c600000, 0x000000008c500000| Untracked 
|  26|0x000000008c600000, 0x000000008c700000, 0x000000008c700000|100%| O|  |TAMS 0x000000008c700000, 0x000000008c600000| Untracked 
|  27|0x000000008c700000, 0x000000008c800000, 0x000000008c800000|100%|HS|  |TAMS 0x000000008c800000, 0x000000008c700000| Complete 
|  28|0x000000008c800000, 0x000000008c900000, 0x000000008c900000|100%|HC|  |TAMS 0x000000008c900000, 0x000000008c800000| Complete 
|  29|0x000000008c900000, 0x000000008ca00000, 0x000000008ca00000|100%| O|  |TAMS 0x000000008ca00000, 0x000000008c900000| Untracked 
|  30|0x000000008ca00000, 0x000000008cb00000, 0x000000008cb00000|100%| O|  |TAMS 0x000000008cb00000, 0x000000008ca00000| Untracked 
|  31|0x000000008cb00000, 0x000000008cc00000, 0x000000008cc00000|100%| O|  |TAMS 0x000000008cc00000, 0x000000008cb00000| Untracked 
|  32|0x000000008cc00000, 0x000000008cd00000, 0x000000008cd00000|100%| O|  |TAMS 0x000000008cd00000, 0x000000008cc00000| Untracked 
|  33|0x000000008cd00000, 0x000000008ce00000, 0x000000008ce00000|100%| O|  |TAMS 0x000000008ce00000, 0x000000008cd00000| Untracked 
|  34|0x000000008ce00000, 0x000000008cf00000, 0x000000008cf00000|100%| O|  |TAMS 0x000000008cf00000, 0x000000008ce00000| Untracked 
|  35|0x000000008cf00000, 0x000000008d000000, 0x000000008d000000|100%| O|  |TAMS 0x000000008d000000, 0x000000008cf00000| Untracked 
|  36|0x000000008d000000, 0x000000008d100000, 0x000000008d100000|100%| O|  |TAMS 0x000000008d100000, 0x000000008d000000| Untracked 
|  37|0x000000008d100000, 0x000000008d200000, 0x000000008d200000|100%| O|  |TAMS 0x000000008d200000, 0x000000008d100000| Untracked 
|  38|0x000000008d200000, 0x000000008d300000, 0x000000008d300000|100%| O|  |TAMS 0x000000008d300000, 0x000000008d200000| Untracked 
|  39|0x000000008d300000, 0x000000008d400000, 0x000000008d400000|100%| O|  |TAMS 0x000000008d400000, 0x000000008d300000| Untracked 
|  40|0x000000008d400000, 0x000000008d500000, 0x000000008d500000|100%| O|  |TAMS 0x000000008d500000, 0x000000008d400000| Untracked 
|  41|0x000000008d500000, 0x000000008d600000, 0x000000008d600000|100%| O|  |TAMS 0x000000008d600000, 0x000000008d500000| Untracked 
|  42|0x000000008d600000, 0x000000008d700000, 0x000000008d700000|100%| O|  |TAMS 0x000000008d700000, 0x000000008d600000| Untracked 
|  43|0x000000008d700000, 0x000000008d800000, 0x000000008d800000|100%| O|  |TAMS 0x000000008d800000, 0x000000008d700000| Untracked 
|  44|0x000000008d800000, 0x000000008d900000, 0x000000008d900000|100%| O|  |TAMS 0x000000008d900000, 0x000000008d800000| Untracked 
|  45|0x000000008d900000, 0x000000008da00000, 0x000000008da00000|100%| O|  |TAMS 0x000000008da00000, 0x000000008d900000| Untracked 
|  46|0x000000008da00000, 0x000000008db00000, 0x000000008db00000|100%| O|  |TAMS 0x000000008db00000, 0x000000008da00000| Untracked 
|  47|0x000000008db00000, 0x000000008dc00000, 0x000000008dc00000|100%| O|  |TAMS 0x000000008dc00000, 0x000000008db00000| Untracked 
|  48|0x000000008dc00000, 0x000000008dd00000, 0x000000008dd00000|100%| O|  |TAMS 0x000000008dd00000, 0x000000008dc00000| Untracked 
|  49|0x000000008dd00000, 0x000000008de00000, 0x000000008de00000|100%| O|  |TAMS 0x000000008de00000, 0x000000008dd00000| Untracked 
|  50|0x000000008de00000, 0x000000008df00000, 0x000000008df00000|100%| O|  |TAMS 0x000000008df00000, 0x000000008de00000| Untracked 
|  51|0x000000008df00000, 0x000000008e000000, 0x000000008e000000|100%| O|  |TAMS 0x000000008e000000, 0x000000008df00000| Untracked 
|  52|0x000000008e000000, 0x000000008e100000, 0x000000008e100000|100%| O|  |TAMS 0x000000008e100000, 0x000000008e000000| Untracked 
|  53|0x000000008e100000, 0x000000008e161e00, 0x000000008e200000| 38%| O|  |TAMS 0x000000008e161e00, 0x000000008e100000| Untracked 
|  54|0x000000008e200000, 0x000000008e200000, 0x000000008e300000|  0%| F|  |TAMS 0x000000008e200000, 0x000000008e200000| Untracked 
|  55|0x000000008e300000, 0x000000008e300000, 0x000000008e400000|  0%| F|  |TAMS 0x000000008e300000, 0x000000008e300000| Untracked 
|  56|0x000000008e400000, 0x000000008e400000, 0x000000008e500000|  0%| F|  |TAMS 0x000000008e400000, 0x000000008e400000| Untracked 
|  57|0x000000008e500000, 0x000000008e500000, 0x000000008e600000|  0%| F|  |TAMS 0x000000008e500000, 0x000000008e500000| Untracked 
|  58|0x000000008e600000, 0x000000008e600000, 0x000000008e700000|  0%| F|  |TAMS 0x000000008e600000, 0x000000008e600000| Untracked 
|  59|0x000000008e700000, 0x000000008e700000, 0x000000008e800000|  0%| F|  |TAMS 0x000000008e700000, 0x000000008e700000| Untracked 
|  60|0x000000008e800000, 0x000000008e800000, 0x000000008e900000|  0%| F|  |TAMS 0x000000008e800000, 0x000000008e800000| Untracked 
|  61|0x000000008e900000, 0x000000008e900000, 0x000000008ea00000|  0%| F|  |TAMS 0x000000008e900000, 0x000000008e900000| Untracked 
|  62|0x000000008ea00000, 0x000000008ea00000, 0x000000008eb00000|  0%| F|  |TAMS 0x000000008ea00000, 0x000000008ea00000| Untracked 
|  63|0x000000008eb00000, 0x000000008eb00000, 0x000000008ec00000|  0%| F|  |TAMS 0x000000008eb00000, 0x000000008eb00000| Untracked 
|  64|0x000000008ec00000, 0x000000008ec00000, 0x000000008ed00000|  0%| F|  |TAMS 0x000000008ec00000, 0x000000008ec00000| Untracked 
|  65|0x000000008ed00000, 0x000000008ed00000, 0x000000008ee00000|  0%| F|  |TAMS 0x000000008ed00000, 0x000000008ed00000| Untracked 
|  66|0x000000008ee00000, 0x000000008ee00000, 0x000000008ef00000|  0%| F|  |TAMS 0x000000008ee00000, 0x000000008ee00000| Untracked 
|  67|0x000000008ef00000, 0x000000008ef00000, 0x000000008f000000|  0%| F|  |TAMS 0x000000008ef00000, 0x000000008ef00000| Untracked 
|  68|0x000000008f000000, 0x000000008f000000, 0x000000008f100000|  0%| F|  |TAMS 0x000000008f000000, 0x000000008f000000| Untracked 
|  69|0x000000008f100000, 0x000000008f100000, 0x000000008f200000|  0%| F|  |TAMS 0x000000008f100000, 0x000000008f100000| Untracked 
|  70|0x000000008f200000, 0x000000008f200000, 0x000000008f300000|  0%| F|  |TAMS 0x000000008f200000, 0x000000008f200000| Untracked 
|  71|0x000000008f300000, 0x000000008f300000, 0x000000008f400000|  0%| F|  |TAMS 0x000000008f300000, 0x000000008f300000| Untracked 
|  72|0x000000008f400000, 0x000000008f46fc80, 0x000000008f500000| 43%| S|CS|TAMS 0x000000008f400000, 0x000000008f400000| Complete 
|  73|0x000000008f500000, 0x000000008f600000, 0x000000008f600000|100%| S|CS|TAMS 0x000000008f500000, 0x000000008f500000| Complete 
|  74|0x000000008f600000, 0x000000008f700000, 0x000000008f700000|100%| S|CS|TAMS 0x000000008f600000, 0x000000008f600000| Complete 
|  75|0x000000008f700000, 0x000000008f800000, 0x000000008f800000|100%| S|CS|TAMS 0x000000008f700000, 0x000000008f700000| Complete 
|  76|0x000000008f800000, 0x000000008f800000, 0x000000008f900000|  0%| F|  |TAMS 0x000000008f800000, 0x000000008f800000| Untracked 
|  77|0x000000008f900000, 0x000000008f900000, 0x000000008fa00000|  0%| F|  |TAMS 0x000000008f900000, 0x000000008f900000| Untracked 
|  78|0x000000008fa00000, 0x000000008fa00000, 0x000000008fb00000|  0%| F|  |TAMS 0x000000008fa00000, 0x000000008fa00000| Untracked 
|  79|0x000000008fb00000, 0x000000008fb00000, 0x000000008fc00000|  0%| F|  |TAMS 0x000000008fb00000, 0x000000008fb00000| Untracked 
|  80|0x000000008fc00000, 0x000000008fc00000, 0x000000008fd00000|  0%| F|  |TAMS 0x000000008fc00000, 0x000000008fc00000| Untracked 
|  81|0x000000008fd00000, 0x000000008fd00000, 0x000000008fe00000|  0%| F|  |TAMS 0x000000008fd00000, 0x000000008fd00000| Untracked 
|  82|0x000000008fe00000, 0x000000008fe00000, 0x000000008ff00000|  0%| F|  |TAMS 0x000000008fe00000, 0x000000008fe00000| Untracked 
|  83|0x000000008ff00000, 0x000000008ff00000, 0x0000000090000000|  0%| F|  |TAMS 0x000000008ff00000, 0x000000008ff00000| Untracked 
|  84|0x0000000090000000, 0x0000000090000000, 0x0000000090100000|  0%| F|  |TAMS 0x0000000090000000, 0x0000000090000000| Untracked 
|  85|0x0000000090100000, 0x0000000090100000, 0x0000000090200000|  0%| F|  |TAMS 0x0000000090100000, 0x0000000090100000| Untracked 
|  86|0x0000000090200000, 0x0000000090200000, 0x0000000090300000|  0%| F|  |TAMS 0x0000000090200000, 0x0000000090200000| Untracked 
|  87|0x0000000090300000, 0x0000000090375d80, 0x0000000090400000| 46%| E|  |TAMS 0x0000000090300000, 0x0000000090300000| Complete 
|  88|0x0000000090400000, 0x0000000090500000, 0x0000000090500000|100%| E|CS|TAMS 0x0000000090400000, 0x0000000090400000| Complete 
|  89|0x0000000090500000, 0x0000000090600000, 0x0000000090600000|100%| E|CS|TAMS 0x0000000090500000, 0x0000000090500000| Complete 
|  90|0x0000000090600000, 0x0000000090700000, 0x0000000090700000|100%| E|CS|TAMS 0x0000000090600000, 0x0000000090600000| Complete 
|  91|0x0000000090700000, 0x0000000090800000, 0x0000000090800000|100%| E|  |TAMS 0x0000000090700000, 0x0000000090700000| Complete 
|  92|0x0000000090800000, 0x0000000090900000, 0x0000000090900000|100%| E|CS|TAMS 0x0000000090800000, 0x0000000090800000| Complete 
|  93|0x0000000090900000, 0x0000000090a00000, 0x0000000090a00000|100%| E|CS|TAMS 0x0000000090900000, 0x0000000090900000| Complete 
|  94|0x0000000090a00000, 0x0000000090b00000, 0x0000000090b00000|100%| E|CS|TAMS 0x0000000090a00000, 0x0000000090a00000| Complete 
|  95|0x0000000090b00000, 0x0000000090c00000, 0x0000000090c00000|100%| E|CS|TAMS 0x0000000090b00000, 0x0000000090b00000| Complete 
|  96|0x0000000090c00000, 0x0000000090d00000, 0x0000000090d00000|100%| E|CS|TAMS 0x0000000090c00000, 0x0000000090c00000| Complete 
| 112|0x0000000091c00000, 0x0000000091d00000, 0x0000000091d00000|100%| E|CS|TAMS 0x0000000091c00000, 0x0000000091c00000| Complete 
| 113|0x0000000091d00000, 0x0000000091e00000, 0x0000000091e00000|100%| E|CS|TAMS 0x0000000091d00000, 0x0000000091d00000| Complete 
| 114|0x0000000091e00000, 0x0000000091f00000, 0x0000000091f00000|100%| E|CS|TAMS 0x0000000091e00000, 0x0000000091e00000| Complete 
| 115|0x0000000091f00000, 0x0000000092000000, 0x0000000092000000|100%| E|CS|TAMS 0x0000000091f00000, 0x0000000091f00000| Complete 
| 117|0x0000000092100000, 0x0000000092200000, 0x0000000092200000|100%| E|CS|TAMS 0x0000000092100000, 0x0000000092100000| Complete 
|1874|0x00000000ffe00000, 0x00000000fff00000, 0x00000000fff00000|100%| O|  |TAMS 0x00000000fff00000, 0x00000000ffe00000| Untracked 
|1875|0x00000000fff00000, 0x0000000100000000, 0x0000000100000000|100%| O|  |TAMS 0x0000000100000000, 0x00000000fff00000| Untracked 

Card table byte_map: [0x00000280d8b10000,0x00000280d8ec0000] _byte_map_base: 0x00000280d86ba000

Marking Bits (Prev, Next): (CMBitMap*) 0x00000280c5d83920, (CMBitMap*) 0x00000280c5d838e0
 Prev Bits: [0x00000280dafc0000, 0x00000280dcd10000)
 Next Bits: [0x00000280d9270000, 0x00000280dafc0000)

Polling page: 0x00000280c3cd0000

Metaspace:

Usage:
  Non-class:     53.40 MB used.
      Class:      7.22 MB used.
       Both:     60.62 MB used.

Virtual space:
  Non-class space:       56.00 MB reserved,      53.56 MB ( 96%) committed,  7 nodes.
      Class space:        1.00 GB reserved,       7.38 MB ( <1%) committed,  1 nodes.
             Both:        1.05 GB reserved,      60.94 MB (  6%) committed. 

Chunk freelists:
   Non-Class:  2.45 MB
       Class:  560.00 KB
        Both:  3.00 MB

MaxMetaspaceSize: unlimited
CompressedClassSpaceSize: 1.00 GB
Initial GC threshold: 21.00 MB
Current GC threshold: 97.44 MB
CDS: off
MetaspaceReclaimPolicy: balanced
 - commit_granule_bytes: 65536.
 - commit_granule_words: 8192.
 - virtual_space_node_default_size: 1048576.
 - enlarge_chunks_in_place: 1.
 - new_chunks_are_fully_committed: 0.
 - uncommit_free_chunks: 1.
 - use_allocation_guard: 0.
 - handle_deallocations: 1.


Internal statistics:

num_allocs_failed_limit: 6.
num_arena_births: 278.
num_arena_deaths: 0.
num_vsnodes_births: 8.
num_vsnodes_deaths: 0.
num_space_committed: 973.
num_space_uncommitted: 0.
num_chunks_returned_to_freelist: 6.
num_chunks_taken_from_freelist: 2138.
num_chunk_merges: 6.
num_chunk_splits: 1715.
num_chunks_enlarged: 1523.
num_purges: 0.
num_inconsistent_stats: 0.

CodeHeap 'non-profiled nmethods': size=120000Kb used=2405Kb max_used=3021Kb free=117595Kb
 bounds [0x00000280d0cc0000, 0x00000280d0fc0000, 0x00000280d81f0000]
CodeHeap 'profiled nmethods': size=120000Kb used=11999Kb max_used=14308Kb free=108000Kb
 bounds [0x00000280c91f0000, 0x00000280c9ff0000, 0x00000280d0720000]
CodeHeap 'non-nmethods': size=5760Kb used=1304Kb max_used=1334Kb free=4456Kb
 bounds [0x00000280d0720000, 0x00000280d0990000, 0x00000280d0cc0000]
 total_blobs=6760 nmethods=6139 adapters=532
 compilation: enabled
              stopped_count=0, restarted_count=0
 full_count=0

Compilation events (20 events):
Event: 10.676 Thread 0x00000280e0432ae0 7053       2       org.jetbrains.kotlin.descriptors.impl.ModuleDescriptorImpl::accept (7 bytes)
Event: 10.677 Thread 0x00000280e0432ae0 nmethod 7053 0x00000280c92e3510 code [0x00000280c92e3740, 0x00000280c92e3be8]
Event: 10.677 Thread 0x00000280e0432ae0 7054       2       org.jetbrains.kotlin.descriptors.ModuleDescriptor$DefaultImpls::accept (15 bytes)
Event: 10.678 Thread 0x00000280e0432ae0 nmethod 7054 0x00000280c9201390 code [0x00000280c9201600, 0x00000280c9201cc8]
Event: 10.678 Thread 0x00000280e0432ae0 7055       2       org.jetbrains.kotlin.renderer.DescriptorRendererImpl$RenderDeclarationDescriptorVisitor::visitModuleDeclaration (13 bytes)
Event: 10.679 Thread 0x00000280e0432ae0 nmethod 7055 0x00000280c92ed890 code [0x00000280c92edac0, 0x00000280c92edfc8]
Event: 10.679 Thread 0x00000280e0432ae0 7056       2       org.jetbrains.kotlin.renderer.RenderingFormat$PLAIN::escape (8 bytes)
Event: 10.679 Thread 0x00000280e0432ae0 nmethod 7056 0x00000280c92fbe90 code [0x00000280c92fc060, 0x00000280c92fc2f8]
Event: 10.712 Thread 0x00000280e0432ae0 7059       2       java.lang.invoke.MemberName::changeReferenceKind (60 bytes)
Event: 10.713 Thread 0x00000280e0432ae0 nmethod 7059 0x00000280c92dea90 code [0x00000280c92dec20, 0x00000280c92ded38]
Event: 10.745 Thread 0x00000280e0432ae0 7060       2       java.lang.invoke.LambdaFormEditor::bindArgumentType (101 bytes)
Event: 10.745 Thread 0x00000280e0432ae0 nmethod 7060 0x00000280c92c8a10 code [0x00000280c92c8ba0, 0x00000280c92c8ce8]
Event: 10.745 Thread 0x00000280e0432ae0 7061       2       java.lang.invoke.LambdaFormEditor::bindArgumentForm (269 bytes)
Event: 10.746 Thread 0x00000280e0432ae0 nmethod 7061 0x00000280c93d8590 code [0x00000280c93d88a0, 0x00000280c93d9508]
Event: 10.746 Thread 0x00000280e0432ae0 7062       2       java.lang.invoke.LambdaFormEditor$TransformKey::of (49 bytes)
Event: 10.747 Thread 0x00000280e0432ae0 nmethod 7062 0x00000280c934a710 code [0x00000280c934a8c0, 0x00000280c934ac38]
Event: 10.755 Thread 0x00000280e0432ae0 7063       2       java.lang.invoke.BoundMethodHandle::bindArgumentL (11 bytes)
Event: 10.756 Thread 0x00000280e0432ae0 nmethod 7063 0x00000280c91f7190 code [0x00000280c91f7340, 0x00000280c91f7578]
Event: 10.756 Thread 0x00000280e0432ae0 7064       2       java.lang.invoke.LambdaFormEditor::bindArgumentL (59 bytes)
Event: 10.756 Thread 0x00000280e0432ae0 nmethod 7064 0x00000280c9284810 code [0x00000280c92849c0, 0x00000280c9284b88]

GC Heap History (20 events):
Event: 3.766 GC heap before
{Heap before GC invocations=10 (full 0):
 garbage-first heap   total 63488K, used 45275K [0x000000008ac00000, 0x0000000100000000)
  region size 1024K, 18 young (18432K), 1 survivors (1024K)
 Metaspace       used 37629K, committed 37888K, reserved 1089536K
  class space    used 4755K, committed 4864K, reserved 1048576K
}
Event: 3.771 GC heap after
{Heap after GC invocations=11 (full 0):
 garbage-first heap   total 63488K, used 27476K [0x000000008ac00000, 0x0000000100000000)
  region size 1024K, 2 young (2048K), 2 survivors (2048K)
 Metaspace       used 37629K, committed 37888K, reserved 1089536K
  class space    used 4755K, committed 4864K, reserved 1048576K
}
Event: 4.311 GC heap before
{Heap before GC invocations=11 (full 0):
 garbage-first heap   total 63488K, used 45908K [0x000000008ac00000, 0x0000000100000000)
  region size 1024K, 21 young (21504K), 2 survivors (2048K)
 Metaspace       used 41208K, committed 41472K, reserved 1089536K
  class space    used 5131K, committed 5248K, reserved 1048576K
}
Event: 4.318 GC heap after
{Heap after GC invocations=12 (full 0):
 garbage-first heap   total 88064K, used 29822K [0x000000008ac00000, 0x0000000100000000)
  region size 1024K, 3 young (3072K), 3 survivors (3072K)
 Metaspace       used 41208K, committed 41472K, reserved 1089536K
  class space    used 5131K, committed 5248K, reserved 1048576K
}
Event: 5.359 GC heap before
{Heap before GC invocations=12 (full 0):
 garbage-first heap   total 88064K, used 62590K [0x000000008ac00000, 0x0000000100000000)
  region size 1024K, 33 young (33792K), 3 survivors (3072K)
 Metaspace       used 48116K, committed 48384K, reserved 1097728K
  class space    used 5827K, committed 5952K, reserved 1048576K
}
Event: 5.369 GC heap after
{Heap after GC invocations=13 (full 0):
 garbage-first heap   total 88064K, used 35534K [0x000000008ac00000, 0x0000000100000000)
  region size 1024K, 5 young (5120K), 5 survivors (5120K)
 Metaspace       used 48116K, committed 48384K, reserved 1097728K
  class space    used 5827K, committed 5952K, reserved 1048576K
}
Event: 6.136 GC heap before
{Heap before GC invocations=13 (full 0):
 garbage-first heap   total 88064K, used 65230K [0x000000008ac00000, 0x0000000100000000)
  region size 1024K, 33 young (33792K), 5 survivors (5120K)
 Metaspace       used 49467K, committed 49728K, reserved 1097728K
  class space    used 5964K, committed 6080K, reserved 1048576K
}
Event: 6.154 GC heap after
{Heap after GC invocations=14 (full 0):
 garbage-first heap   total 88064K, used 39392K [0x000000008ac00000, 0x0000000100000000)
  region size 1024K, 4 young (4096K), 4 survivors (4096K)
 Metaspace       used 49467K, committed 49728K, reserved 1097728K
  class space    used 5964K, committed 6080K, reserved 1048576K
}
Event: 6.811 GC heap before
{Heap before GC invocations=14 (full 0):
 garbage-first heap   total 88064K, used 58848K [0x000000008ac00000, 0x0000000100000000)
  region size 1024K, 25 young (25600K), 4 survivors (4096K)
 Metaspace       used 51865K, committed 52160K, reserved 1097728K
  class space    used 6240K, committed 6400K, reserved 1048576K
}
Event: 6.824 GC heap after
{Heap after GC invocations=15 (full 0):
 garbage-first heap   total 88064K, used 42649K [0x000000008ac00000, 0x0000000100000000)
  region size 1024K, 4 young (4096K), 4 survivors (4096K)
 Metaspace       used 51865K, committed 52160K, reserved 1097728K
  class space    used 6240K, committed 6400K, reserved 1048576K
}
Event: 7.749 GC heap before
{Heap before GC invocations=16 (full 0):
 garbage-first heap   total 88064K, used 67225K [0x000000008ac00000, 0x0000000100000000)
  region size 1024K, 28 young (28672K), 4 survivors (4096K)
 Metaspace       used 54893K, committed 55168K, reserved 1097728K
  class space    used 6583K, committed 6720K, reserved 1048576K
}
Event: 7.766 GC heap after
{Heap after GC invocations=17 (full 0):
 garbage-first heap   total 88064K, used 47540K [0x000000008ac00000, 0x0000000100000000)
  region size 1024K, 4 young (4096K), 4 survivors (4096K)
 Metaspace       used 54893K, committed 55168K, reserved 1097728K
  class space    used 6583K, committed 6720K, reserved 1048576K
}
Event: 8.368 GC heap before
{Heap before GC invocations=17 (full 0):
 garbage-first heap   total 88064K, used 68020K [0x000000008ac00000, 0x0000000100000000)
  region size 1024K, 24 young (24576K), 4 survivors (4096K)
 Metaspace       used 56202K, committed 56448K, reserved 1105920K
  class space    used 6645K, committed 6784K, reserved 1048576K
}
Event: 8.384 GC heap after
{Heap after GC invocations=18 (full 0):
 garbage-first heap   total 106496K, used 51200K [0x000000008ac00000, 0x0000000100000000)
  region size 1024K, 3 young (3072K), 3 survivors (3072K)
 Metaspace       used 56202K, committed 56448K, reserved 1105920K
  class space    used 6645K, committed 6784K, reserved 1048576K
}
Event: 9.186 GC heap before
{Heap before GC invocations=19 (full 0):
 garbage-first heap   total 106496K, used 80896K [0x000000008ac00000, 0x0000000100000000)
  region size 1024K, 32 young (32768K), 3 survivors (3072K)
 Metaspace       used 57658K, committed 57920K, reserved 1105920K
  class space    used 6787K, committed 6912K, reserved 1048576K
}
Event: 9.204 GC heap after
{Heap after GC invocations=20 (full 0):
 garbage-first heap   total 106496K, used 56320K [0x000000008ac00000, 0x0000000100000000)
  region size 1024K, 4 young (4096K), 4 survivors (4096K)
 Metaspace       used 57658K, committed 57920K, reserved 1105920K
  class space    used 6787K, committed 6912K, reserved 1048576K
}
Event: 9.218 GC heap before
{Heap before GC invocations=20 (full 0):
 garbage-first heap   total 106496K, used 57344K [0x000000008ac00000, 0x0000000100000000)
  region size 1024K, 5 young (5120K), 4 survivors (4096K)
 Metaspace       used 57665K, committed 57920K, reserved 1105920K
  class space    used 6787K, committed 6912K, reserved 1048576K
}
Event: 9.231 GC heap after
{Heap after GC invocations=21 (full 0):
 garbage-first heap   total 106496K, used 56465K [0x000000008ac00000, 0x0000000100000000)
  region size 1024K, 1 young (1024K), 1 survivors (1024K)
 Metaspace       used 57665K, committed 57920K, reserved 1105920K
  class space    used 6787K, committed 6912K, reserved 1048576K
}
Event: 10.088 GC heap before
{Heap before GC invocations=21 (full 0):
 garbage-first heap   total 106496K, used 81041K [0x000000008ac00000, 0x0000000100000000)
  region size 1024K, 26 young (26624K), 1 survivors (1024K)
 Metaspace       used 59446K, committed 59648K, reserved 1105920K
  class space    used 6997K, committed 7104K, reserved 1048576K
}
Event: 10.102 GC heap after
{Heap after GC invocations=22 (full 0):
 garbage-first heap   total 106496K, used 59206K [0x000000008ac00000, 0x0000000100000000)
  region size 1024K, 4 young (4096K), 4 survivors (4096K)
 Metaspace       used 59446K, committed 59648K, reserved 1105920K
  class space    used 6997K, committed 7104K, reserved 1048576K
}

Dll operation events (2 events):
Event: 0.007 Loaded shared library C:\Program Files\Android\Android Studio\jbr\bin\java.dll
Event: 1.418 Loaded shared library C:\Program Files\Android\Android Studio\jbr\bin\verify.dll

Deoptimization events (20 events):
Event: 10.304 Thread 0x00000280c5d2bba0 Uncommon trap: trap_request=0xffffffbe fr.pc=0x00000280d0f958c8 relative=0x0000000000001248
Event: 10.304 Thread 0x00000280c5d2bba0 Uncommon trap: reason=profile_predicate action=maybe_recompile pc=0x00000280d0f958c8 method=org.jetbrains.kotlin.serialization.deserialization.descriptors.DeserializedPackageMemberScope.hasClass(Lorg/jetbrains/kotlin/name/Name;)Z @ 65 c2
Event: 10.304 Thread 0x00000280c5d2bba0 DEOPT PACKING pc=0x00000280d0f958c8 sp=0x000000e1726fa500
Event: 10.304 Thread 0x00000280c5d2bba0 DEOPT UNPACKING pc=0x00000280d07769a3 sp=0x000000e1726fa450 mode 2
Event: 10.344 Thread 0x00000280c5d2bba0 Uncommon trap: trap_request=0xffffff45 fr.pc=0x00000280d0cdb9a4 relative=0x00000000000004e4
Event: 10.344 Thread 0x00000280c5d2bba0 Uncommon trap: reason=unstable_if action=reinterpret pc=0x00000280d0cdb9a4 method=java.lang.AbstractStringBuilder.putStringAt(ILjava/lang/String;II)V @ 8 c2
Event: 10.344 Thread 0x00000280c5d2bba0 DEOPT PACKING pc=0x00000280d0cdb9a4 sp=0x000000e1726fd190
Event: 10.344 Thread 0x00000280c5d2bba0 DEOPT UNPACKING pc=0x00000280d07769a3 sp=0x000000e1726fd018 mode 2
Event: 10.344 Thread 0x00000280c5d2bba0 Uncommon trap: trap_request=0xffffff45 fr.pc=0x00000280d0cdca18 relative=0x00000000000004d8
Event: 10.344 Thread 0x00000280c5d2bba0 Uncommon trap: reason=unstable_if action=reinterpret pc=0x00000280d0cdca18 method=java.lang.AbstractStringBuilder.putStringAt(ILjava/lang/String;II)V @ 8 c2
Event: 10.344 Thread 0x00000280c5d2bba0 DEOPT PACKING pc=0x00000280d0cdca18 sp=0x000000e1726fd130
Event: 10.344 Thread 0x00000280c5d2bba0 DEOPT UNPACKING pc=0x00000280d07769a3 sp=0x000000e1726fd020 mode 2
Event: 10.344 Thread 0x00000280c5d2bba0 Uncommon trap: trap_request=0xffffff45 fr.pc=0x00000280d0d0846c relative=0x00000000000003cc
Event: 10.344 Thread 0x00000280c5d2bba0 Uncommon trap: reason=unstable_if action=reinterpret pc=0x00000280d0d0846c method=java.lang.AbstractStringBuilder.isLatin1()Z @ 10 c2
Event: 10.344 Thread 0x00000280c5d2bba0 DEOPT PACKING pc=0x00000280d0d0846c sp=0x000000e1726fd1b0
Event: 10.344 Thread 0x00000280c5d2bba0 DEOPT UNPACKING pc=0x00000280d07769a3 sp=0x000000e1726fd130 mode 2
Event: 10.830 Thread 0x00000280c5d2bba0 DEOPT PACKING pc=0x00000280c9982064 sp=0x000000e1726f8e20
Event: 10.830 Thread 0x00000280c5d2bba0 DEOPT UNPACKING pc=0x00000280d0777143 sp=0x000000e1726f8360 mode 0
Event: 10.836 Thread 0x00000280c5d2bba0 DEOPT PACKING pc=0x00000280c9ab61dc sp=0x000000e1726f8d70
Event: 10.836 Thread 0x00000280c5d2bba0 DEOPT UNPACKING pc=0x00000280d0777143 sp=0x000000e1726f8340 mode 0

Classes unloaded (0 events):
No events

Classes redefined (0 events):
No events

Internal exceptions (20 events):
Event: 5.730 Thread 0x00000280c5d2bba0 Exception <a 'java/lang/NoSuchMethodError'{0x000000008f9caa80}: 'java.lang.Object java.lang.invoke.DirectMethodHandle$Holder.newInvokeSpecial(java.lang.Object, java.lang.Object, java.lang.Object, int)'> (0x000000008f9caa80) 
thrown [s\src\hotspot\share\interpreter\linkResolver.cpp, line 771]
Event: 5.731 Thread 0x00000280c5d2bba0 Exception <a 'java/lang/NoSuchMethodError'{0x000000008f9cf108}: 'java.lang.Object java.lang.invoke.DirectMethodHandle$Holder.invokeSpecial(java.lang.Object, java.lang.Object, java.lang.Object, java.lang.Object, int)'> (0x000000008f9cf108) 
thrown [s\src\hotspot\share\interpreter\linkResolver.cpp, line 771]
Event: 5.733 Thread 0x00000280c5d2bba0 Exception <a 'java/lang/NoSuchMethodError'{0x000000008f9d2f78}: 'java.lang.Object java.lang.invoke.Invokers$Holder.linkToTargetMethod(java.lang.Object, java.lang.Object, int, java.lang.Object)'> (0x000000008f9d2f78) 
thrown [s\src\hotspot\share\interpreter\linkResolver.cpp, line 771]
Event: 7.217 Thread 0x00000280c5d2bba0 Exception <a 'java/lang/NoSuchMethodError'{0x000000008f787e88}: 'java.lang.Object java.lang.invoke.DirectMethodHandle$Holder.invokeInterface(java.lang.Object, java.lang.Object)'> (0x000000008f787e88) 
thrown [s\src\hotspot\share\interpreter\linkResolver.cpp, line 771]
Event: 7.413 Thread 0x00000280c5d2bba0 Implicit null exception at 0x00000280d0ef725d to 0x00000280d0ef7773
Event: 7.789 Thread 0x00000280c5d2bba0 Exception <a 'java/lang/NoSuchMethodError'{0x00000000921b6178}: 'java.lang.Object java.lang.invoke.DirectMethodHandle$Holder.invokeStaticInit(java.lang.Object, java.lang.Object, java.lang.Object)'> (0x00000000921b6178) 
thrown [s\src\hotspot\share\interpreter\linkResolver.cpp, line 771]
Event: 8.402 Thread 0x00000280c5d2bba0 Implicit null exception at 0x00000280d0d0536a to 0x00000280d0d0552c
Event: 8.402 Thread 0x00000280c5d2bba0 Implicit null exception at 0x00000280d0debe0f to 0x00000280d0debe85
Event: 9.043 Thread 0x00000280c5d2bba0 Exception <a 'java/lang/NoSuchMethodError'{0x000000008fcde170}: 'java.lang.Object java.lang.invoke.DirectMethodHandle$Holder.newInvokeSpecial(java.lang.Object, int, java.lang.Object)'> (0x000000008fcde170) 
thrown [s\src\hotspot\share\interpreter\linkResolver.cpp, line 771]
Event: 9.044 Thread 0x00000280c5d2bba0 Exception <a 'java/lang/NoSuchMethodError'{0x000000008fce4958}: 'int java.lang.invoke.DirectMethodHandle$Holder.invokeInterface(java.lang.Object, java.lang.Object)'> (0x000000008fce4958) 
thrown [s\src\hotspot\share\interpreter\linkResolver.cpp, line 771]
Event: 9.603 Thread 0x00000280c5d2bba0 Exception <a 'java/lang/NoSuchMethodError'{0x0000000090844ad0}: 'int java.lang.invoke.DirectMethodHandle$Holder.invokeStaticInit(java.lang.Object, int)'> (0x0000000090844ad0) 
thrown [s\src\hotspot\share\interpreter\linkResolver.cpp, line 771]
Event: 9.658 Thread 0x00000280c5d2bba0 Exception <a 'java/lang/NoSuchMethodError'{0x00000000908e1e40}: 'java.lang.Object java.lang.invoke.DirectMethodHandle$Holder.newInvokeSpecial(java.lang.Object, java.lang.Object, java.lang.Object, java.lang.Object, java.lang.Object, java.lang.Object)'> (0x00000000908e1e40) 
thrown [s\src\hotspot\share\interpreter\linkResolver.cpp, line 771]
Event: 9.908 Thread 0x00000280c5d2bba0 Implicit null exception at 0x00000280d0dae01a to 0x00000280d0dae188
Event: 9.908 Thread 0x00000280c5d2bba0 Implicit null exception at 0x00000280d0d242d8 to 0x00000280d0d2436a
Event: 10.167 Thread 0x00000280c5d2bba0 Implicit null exception at 0x00000280d0e39bcc to 0x00000280d0e39ca8
Event: 10.620 Thread 0x00000280c5d2bba0 Exception <a 'java/lang/NoSuchMethodError'{0x000000009088d4d8}: 'java.lang.Object java.lang.invoke.DirectMethodHandle$Holder.invokeStatic(java.lang.Object, java.lang.Object, java.lang.Object, java.lang.Object, int)'> (0x000000009088d4d8) 
thrown [s\src\hotspot\share\interpreter\linkResolver.cpp, line 771]
Event: 10.621 Thread 0x00000280c5d2bba0 Exception <a 'java/lang/NoSuchMethodError'{0x0000000090896e20}: 'java.lang.Object java.lang.invoke.DirectMethodHandle$Holder.newInvokeSpecial(java.lang.Object, java.lang.Object, java.lang.Object, java.lang.Object, int)'> (0x0000000090896e20) 
thrown [s\src\hotspot\share\interpreter\linkResolver.cpp, line 771]
Event: 10.622 Thread 0x00000280c5d2bba0 Exception <a 'java/lang/NoSuchMethodError'{0x000000009089b6a8}: 'java.lang.Object java.lang.invoke.DirectMethodHandle$Holder.invokeSpecial(java.lang.Object, java.lang.Object, java.lang.Object, java.lang.Object, java.lang.Object, int)'> (0x000000009089b6a8) 
thrown [s\src\hotspot\share\interpreter\linkResolver.cpp, line 771]
Event: 10.624 Thread 0x00000280c5d2bba0 Exception <a 'java/lang/NoSuchMethodError'{0x000000009089f8e0}: 'java.lang.Object java.lang.invoke.Invokers$Holder.linkToTargetMethod(java.lang.Object, java.lang.Object, java.lang.Object, int, java.lang.Object)'> (0x000000009089f8e0) 
thrown [s\src\hotspot\share\interpreter\linkResolver.cpp, line 771]
Event: 10.802 Thread 0x00000280c5d2bba0 Exception <a 'java/lang/NoSuchMethodError'{0x00000000905b9b98}: 'void java.lang.invoke.DirectMethodHandle$Holder.invokeInterface(java.lang.Object, java.lang.Object)'> (0x00000000905b9b98) 
thrown [s\src\hotspot\share\interpreter\linkResolver.cpp, line 771]

VM Operations (20 events):
Event: 10.641 Executing VM operation: HandshakeAllThreads
Event: 10.641 Executing VM operation: HandshakeAllThreads done
Event: 10.641 Executing VM operation: HandshakeAllThreads
Event: 10.641 Executing VM operation: HandshakeAllThreads done
Event: 10.701 Executing VM operation: HandshakeAllThreads
Event: 10.701 Executing VM operation: HandshakeAllThreads done
Event: 10.701 Executing VM operation: HandshakeAllThreads
Event: 10.701 Executing VM operation: HandshakeAllThreads done
Event: 10.704 Executing VM operation: HandshakeAllThreads
Event: 10.704 Executing VM operation: HandshakeAllThreads done
Event: 10.759 Executing VM operation: HandshakeAllThreads
Event: 10.759 Executing VM operation: HandshakeAllThreads done
Event: 10.784 Executing VM operation: HandshakeAllThreads
Event: 10.784 Executing VM operation: HandshakeAllThreads done
Event: 10.796 Executing VM operation: HandshakeAllThreads
Event: 10.796 Executing VM operation: HandshakeAllThreads done
Event: 10.828 Executing VM operation: HandshakeAllThreads
Event: 10.828 Executing VM operation: HandshakeAllThreads done
Event: 10.836 Executing VM operation: HandshakeAllThreads
Event: 10.836 Executing VM operation: HandshakeAllThreads done

Events (20 events):
Event: 10.810 loading class java/util/stream/Node$OfPrimitive
Event: 10.810 loading class java/util/stream/Node$OfPrimitive done
Event: 10.810 loading class java/util/stream/Node$OfInt done
Event: 10.810 loading class java/util/stream/Nodes$EmptyNode$OfInt done
Event: 10.811 loading class java/util/stream/Nodes$EmptyNode$OfLong
Event: 10.811 loading class java/util/stream/Node$OfLong
Event: 10.811 loading class java/util/stream/Node$OfLong done
Event: 10.811 loading class java/util/stream/Nodes$EmptyNode$OfLong done
Event: 10.811 loading class java/util/stream/Nodes$EmptyNode$OfDouble
Event: 10.811 loading class java/util/stream/Node$OfDouble
Event: 10.811 loading class java/util/stream/Node$OfDouble done
Event: 10.811 loading class java/util/stream/Nodes$EmptyNode$OfDouble done
Event: 10.811 loading class java/util/stream/Nodes$SpinedNodeBuilder
Event: 10.811 loading class java/util/stream/Node$Builder
Event: 10.812 loading class java/util/stream/Node$Builder done
Event: 10.812 loading class java/util/stream/SpinedBuffer
Event: 10.812 loading class java/util/stream/AbstractSpinedBuffer
Event: 10.813 loading class java/util/stream/AbstractSpinedBuffer done
Event: 10.813 loading class java/util/stream/SpinedBuffer done
Event: 10.813 loading class java/util/stream/Nodes$SpinedNodeBuilder done


Dynamic libraries:
0x00007ff6921b0000 - 0x00007ff6921ba000 	C:\Program Files\Android\Android Studio\jbr\bin\java.exe
0x00007ffad58d0000 - 0x00007ffad5ae7000 	C:\WINDOWS\SYSTEM32\ntdll.dll
0x00007ffad4f00000 - 0x00007ffad4fc4000 	C:\WINDOWS\System32\KERNEL32.DLL
0x00007ffad2ee0000 - 0x00007ffad3286000 	C:\WINDOWS\System32\KERNELBASE.dll
0x00007ffad3290000 - 0x00007ffad33a1000 	C:\WINDOWS\System32\ucrtbase.dll
0x00007ffa82590000 - 0x00007ffa825ab000 	C:\Program Files\Android\Android Studio\jbr\bin\VCRUNTIME140.dll
0x00007ffa99fa0000 - 0x00007ffa99fb7000 	C:\Program Files\Android\Android Studio\jbr\bin\jli.dll
0x00007ffad4bf0000 - 0x00007ffad4d9e000 	C:\WINDOWS\System32\USER32.dll
0x00007ffabb3a0000 - 0x00007ffabb633000 	C:\WINDOWS\WinSxS\amd64_microsoft.windows.common-controls_6595b64144ccf1df_6.0.22621.2506_none_270c5ae97388e100\COMCTL32.dll
0x00007ffad3570000 - 0x00007ffad3596000 	C:\WINDOWS\System32\win32u.dll
0x00007ffad4050000 - 0x00007ffad40f7000 	C:\WINDOWS\System32\msvcrt.dll
0x00007ffad3f40000 - 0x00007ffad3f69000 	C:\WINDOWS\System32\GDI32.dll
0x00007ffad3450000 - 0x00007ffad3568000 	C:\WINDOWS\System32\gdi32full.dll
0x00007ffad33b0000 - 0x00007ffad344a000 	C:\WINDOWS\System32\msvcp_win.dll
0x00007ffad4db0000 - 0x00007ffad4de1000 	C:\WINDOWS\System32\IMM32.DLL
0x00007ffaa38a0000 - 0x00007ffaa38ac000 	C:\Program Files\Android\Android Studio\jbr\bin\vcruntime140_1.dll
0x00007ffa2e740000 - 0x00007ffa2e7cd000 	C:\Program Files\Android\Android Studio\jbr\bin\msvcp140.dll
0x00007ffa92fd0000 - 0x00007ffa93c3e000 	C:\Program Files\Android\Android Studio\jbr\bin\server\jvm.dll
0x00007ffad3e80000 - 0x00007ffad3f31000 	C:\WINDOWS\System32\ADVAPI32.dll
0x00007ffad4a90000 - 0x00007ffad4b35000 	C:\WINDOWS\System32\sechost.dll
0x00007ffad4fd0000 - 0x00007ffad50e7000 	C:\WINDOWS\System32\RPCRT4.dll
0x00007ffacdb60000 - 0x00007ffacdb69000 	C:\WINDOWS\SYSTEM32\WSOCK32.dll
0x00007ffaca220000 - 0x00007ffaca254000 	C:\WINDOWS\SYSTEM32\WINMM.dll
0x00007ffac9bd0000 - 0x00007ffac9bda000 	C:\WINDOWS\SYSTEM32\VERSION.dll
0x00007ffad4400000 - 0x00007ffad4471000 	C:\WINDOWS\System32\WS2_32.dll
0x00007ffad1cb0000 - 0x00007ffad1cc8000 	C:\WINDOWS\SYSTEM32\kernel.appcore.dll
0x00007ffacdb50000 - 0x00007ffacdb5a000 	C:\Program Files\Android\Android Studio\jbr\bin\jimage.dll
0x00007ffad0580000 - 0x00007ffad07b3000 	C:\WINDOWS\SYSTEM32\DBGHELP.DLL
0x00007ffad4530000 - 0x00007ffad48b9000 	C:\WINDOWS\System32\combase.dll
0x00007ffad3f70000 - 0x00007ffad4047000 	C:\WINDOWS\System32\OLEAUT32.dll
0x00007ffab6e60000 - 0x00007ffab6e92000 	C:\WINDOWS\SYSTEM32\dbgcore.DLL
0x00007ffad35a0000 - 0x00007ffad361a000 	C:\WINDOWS\System32\bcryptPrimitives.dll
0x00007ffa95a60000 - 0x00007ffa95a85000 	C:\Program Files\Android\Android Studio\jbr\bin\java.dll
0x00007ffaa5e60000 - 0x00007ffaa5e78000 	C:\Program Files\Android\Android Studio\jbr\bin\zip.dll
0x00007ffad3620000 - 0x00007ffad3e7a000 	C:\WINDOWS\System32\SHELL32.dll
0x00007ffad0b20000 - 0x00007ffad1416000 	C:\WINDOWS\SYSTEM32\windows.storage.dll
0x00007ffad09e0000 - 0x00007ffad0b1e000 	C:\WINDOWS\SYSTEM32\wintypes.dll
0x00007ffad5790000 - 0x00007ffad5883000 	C:\WINDOWS\System32\SHCORE.dll
0x00007ffad4df0000 - 0x00007ffad4e4e000 	C:\WINDOWS\System32\shlwapi.dll
0x00007ffad2b70000 - 0x00007ffad2b96000 	C:\WINDOWS\SYSTEM32\profapi.dll
0x00007ffaa3a90000 - 0x00007ffaa3aa9000 	C:\Program Files\Android\Android Studio\jbr\bin\net.dll
0x00007ffacc3f0000 - 0x00007ffacc527000 	C:\WINDOWS\SYSTEM32\WINHTTP.dll
0x00007ffad2160000 - 0x00007ffad21c9000 	C:\WINDOWS\system32\mswsock.dll
0x00007ffa9cfe0000 - 0x00007ffa9cff6000 	C:\Program Files\Android\Android Studio\jbr\bin\nio.dll
0x00007ffacdb40000 - 0x00007ffacdb50000 	C:\Program Files\Android\Android Studio\jbr\bin\verify.dll

dbghelp: loaded successfully - version: 4.0.5 - missing functions: none
symbol engine: initialized successfully - sym options: 0x614 - pdb path: .;C:\Program Files\Android\Android Studio\jbr\bin;C:\WINDOWS\SYSTEM32;C:\WINDOWS\WinSxS\amd64_microsoft.windows.common-controls_6595b64144ccf1df_6.0.22621.2506_none_270c5ae97388e100;C:\Program Files\Android\Android Studio\jbr\bin\server

VM Arguments:
java_command: org.jetbrains.kotlin.cli.jvm.K2JVMCompiler @C:\Users\Nurkholis\Downloads\struklearn-v1.0.1\app\build\20231216_8150680574777170249.compiler.options
java_class_path (initial): C:\Users\Nurkholis\Downloads\Absensi-Apps-main\Absensi-Apps-main\caches\modules-2\files-2.1\org.jetbrains.kotlin\kotlin-compiler-embeddable\1.7.20\8db18559a581dd2c36ddfd5046af145650f5b126\kotlin-compiler-embeddable-1.7.20.jar;C:\Users\Nurkholis\Downloads\Absensi-Apps-main\Absensi-Apps-main\caches\modules-2\files-2.1\org.jetbrains.kotlin\kotlin-reflect\1.7.20\12b2501e33bb6373e8e347c86d85481863629381\kotlin-reflect-1.7.20.jar;C:\Users\Nurkholis\Downloads\Absensi-Apps-main\Absensi-Apps-main\caches\modules-2\files-2.1\org.jetbrains.kotlin\kotlin-stdlib\1.7.20\726594ea9ba2beb2ee113647fefa9a10f9fabe52\kotlin-stdlib-1.7.20.jar;C:\Users\Nurkholis\Downloads\Absensi-Apps-main\Absensi-Apps-main\caches\modules-2\files-2.1\org.jetbrains.kotlin\kotlin-script-runtime\1.7.20\bcd1cc6f865e632550357fcc59f5ffd532615a8\kotlin-script-runtime-1.7.20.jar;C:\Users\Nurkholis\Downloads\Absensi-Apps-main\Absensi-Apps-main\caches\modules-2\files-2.1\org.jetbrains.kotlin\kotlin-daemon-embeddable\1.7.20\1e24355adad8d529d75d5b19eab55484057431ba\kotlin-daemon-embeddable-1.7.20.jar;C:\Users\Nurkholis\Downloads\Absensi-Apps-main\Absensi-Apps-main\caches\modules-2\files-2.1\org.jetbrains.intellij.deps\trove4j\1.0.20200330\3afb14d5f9ceb459d724e907a21145e8ff394f02\trove4j-1.0.20200330.jar;C:\Users\Nurkholis\Downloads\Absensi-Apps-main\Absensi-Apps-main\caches\modules-2\files-2.1\net.java.dev.jna\jna\5.6.0\330f2244e9030119ab3030fc3fededc86713d9cc\jna-5.6.0.jar;C:\Users\Nurkholis\Downloads\Absensi-Apps-main\Absensi-Apps-main\caches\modules-2\files-2.1\org.jetbrains.kotlin\kotlin-stdlib-common\1.7.20\e15351bdaf9fa06f009be5da7a202e4184f00ae3\kotlin-stdlib-common-1.7.20.jar;C:\Users\Nurkholis\Downloads\Absensi-Apps-main\Absensi-Apps-main\caches\modules-2\files-2.1\org.jetbrains\annotations\13.0\919f0dfe192fb4e063e7dacadee7f8bb9a2672a9\annotations-13.0.jar
Launcher Type: SUN_STANDARD

[Global flags]
     intx CICompilerCount                          = 4                                         {product} {ergonomic}
     uint ConcGCThreads                            = 3                                         {product} {ergonomic}
     uint G1ConcRefinementThreads                  = 10                                        {product} {ergonomic}
   size_t G1HeapRegionSize                         = 1048576                                   {product} {ergonomic}
    uintx GCDrainStackTargetSize                   = 64                                        {product} {ergonomic}
   size_t InitialHeapSize                          = 123731968                                 {product} {ergonomic}
   size_t MarkStackSize                            = 4194304                                   {product} {ergonomic}
   size_t MaxHeapSize                              = 1967128576                                {product} {ergonomic}
   size_t MaxNewSize                               = 1179648000                                {product} {ergonomic}
   size_t MinHeapDeltaBytes                        = 1048576                                   {product} {ergonomic}
   size_t MinHeapSize                              = 8388608                                   {product} {ergonomic}
    uintx NonNMethodCodeHeapSize                   = 5839372                                {pd product} {ergonomic}
    uintx NonProfiledCodeHeapSize                  = 122909434                              {pd product} {ergonomic}
    uintx ProfiledCodeHeapSize                     = 122909434                              {pd product} {ergonomic}
    uintx ReservedCodeCacheSize                    = 251658240                              {pd product} {ergonomic}
     bool SegmentedCodeCache                       = true                                      {product} {ergonomic}
   size_t SoftMaxHeapSize                          = 1967128576                             {manageable} {ergonomic}
     bool UseCompressedClassPointers               = true                           {product lp64_product} {ergonomic}
     bool UseCompressedOops                        = true                           {product lp64_product} {ergonomic}
     bool UseG1GC                                  = true                                      {product} {ergonomic}
     bool UseLargePagesIndividualAllocation        = false                                  {pd product} {ergonomic}

Logging:
Log output configuration:
 #0: stdout all=warning uptime,level,tags
 #1: stderr all=off uptime,level,tags

Environment Variables:
PATH=C:\Program Files\Common Files\Oracle\Java\javapath;C:\Program Files (x86)\Common Files\Oracle\Java\javapath;C:\Program Files (x86)\Common Files\Intel\Shared Libraries\redist\intel64\compiler;C:\Program Files (x86)\Common Files\Intel\Shared Files\cpp\bin\Intel64;C:\WINDOWS\system32;C:\WINDOWS;C:\WINDOWS\System32\Wbem;C:\WINDOWS\System32\WindowsPowerShell\v1.0\;C:\WINDOWS\System32\OpenSSH\;C:\Program Files\Filestar;C:\ProgramData\Filestar\aliases;C:\Program Files\dotnet\;C:\xampp\php;C:\ProgramData\ComposerSetup\bin;C:\Program Files\Git\cmd;C:\Program Files\Microsoft SQL Server\150\Tools\Binn\;C:\Program Files\Microsoft SQL Server\Client SDK\ODBC\170\Tools\Binn\;C:\SDK\flutter\bin;C:\Program Files (x86)\Windows Kits\10\Windows Performance Toolkit\;C:\SDK\flutter\bin\cache\dart-sdk\bin;C:\Users\Nurkholis\AppData\Local\Pub\Cache\bin;C:\Program Files\nodejs\;D:\pem vis\Tools\WinNT;D:\pem vis\MSDev98\Bin;D:\pem vis\Tools;D:\Microsoft Visual Studio\VC98\bin;C:\SDK\flutter\bin;C:\Program Files\MySQL\MySQL Shell 8.0\bin\;C:\Users\Nurkholis\AppData\Local\Microsoft\WindowsApps;C:\Users\Nurkholis\AppData\Local\Microsoft\WindowsApps;C:\Users\Nurkholis\AppData\Local\Programs\Microsoft VS Code\bin;C:\Users\Nurkholis\AppData\Local\GitHubDesktop\bin;C:\Users\Nurkholis\.dotnet\tools;C:\Users\Nurkholis\AppData\Roaming\Composer\vendor\bin;C:\Program Files\CMake\bin;C:\Users\Nurkholis\AppData\Roaming\npm;C:\Users\Nurkholis\AppData\Local\Android\Sdk\tools\bin;
USERNAME=Nurkholis
OS=Windows_NT
PROCESSOR_IDENTIFIER=AMD64 Family 23 Model 104 Stepping 1, AuthenticAMD
TMP=C:\Users\NURKHO~1\AppData\Local\Temp
TEMP=C:\Users\NURKHO~1\AppData\Local\Temp


JNI global refs:
JNI global refs: 10, weak refs: 22

JNI global refs memory usage: 843, weak refs: 841


---------------  S Y S T E M  ---------------

OS:
 Windows 11 , 64 bit Build 22621 (10.0.22621.2506)
OS uptime: 1 days 1:03 hours
Hyper-V role detected

CPU: total 12 (initial active 12) (12 cores per cpu, 2 threads per core) family 23 model 104 stepping 1 microcode 0x0, cx8, cmov, fxsr, ht, mmx, 3dnowpref, sse, sse2, sse3, ssse3, sse4a, sse4.1, sse4.2, popcnt, lzcnt, tsc, tscinvbit, avx, avx2, aes, clmul, bmi1, bmi2, adx, sha, fma, vzeroupper, clflush, clflushopt, hv

Memory: 4k page, system-wide physical 7502M (230M free)
TotalPageFile size 30030M (AvailPageFile size 1M)
current process WorkingSet (physical memory assigned to process): 260M, peak: 266M
current process commit charge ("private bytes"): 299M, peak: 306M

vm_info: OpenJDK 64-Bit Server VM (17.0.6+0-b2043.56-10027231) for windows-amd64 JRE (17.0.6+0-b2043.56-10027231), built on Apr 28 2023 00:43:19 by "androidbuild" with MS VC++ 16.10 / 16.11 (VS2019)

END.
