#
# There is insufficient memory for the Java Runtime Environment to continue.
# Native memory allocation (malloc) failed to allocate 1567216 bytes for Chunk::new
# Possible reasons:
#   The system is out of physical RAM or swap space
#   The process is running with CompressedOops enabled, and the Java Heap may be blocking the growth of the native heap
# Possible solutions:
#   Reduce memory load on the system
#   Increase physical memory or swap space
#   Check if swap backing store is full
#   Decrease Java heap size (-Xmx/-Xms)
#   Decrease number of Java threads
#   Decrease Java thread stack sizes (-Xss)
#   Set larger code cache with -XX:ReservedCodeCacheSize=
#   JVM is running with Unscaled Compressed Oops mode in which the Java heap is
#     placed in the first 4GB address space. The Java Heap base address is the
#     maximum limit for the native heap growth. Please use -XX:HeapBaseMinAddress
#     to set the Java Heap base and to place the Java Heap above 4GB virtual address.
# This output file may be truncated or incomplete.
#
#  Out of Memory Error (arena.cpp:189), pid=19812, tid=1784
#
# JRE version: OpenJDK Runtime Environment (17.0.6) (build 17.0.6+0-b2043.56-10027231)
# Java VM: OpenJDK 64-Bit Server VM (17.0.6+0-b2043.56-10027231, mixed mode, tiered, compressed oops, compressed class ptrs, g1 gc, windows-amd64)
# No core dump will be written. Minidumps are not enabled by default on client versions of Windows
#

---------------  S U M M A R Y ------------

Command Line: org.jetbrains.kotlin.cli.jvm.K2JVMCompiler @C:\Users\Nurkholis\Downloads\struklearn-v1.0.1\app\build\20231216_7251245687355310512.compiler.options

Host: AMD Ryzen 5 5500U with Radeon Graphics         , 12 cores, 7G,  Windows 11 , 64 bit Build 22621 (10.0.22621.2506)
Time: Sat Dec 16 16:48:06 2023 SE Asia Standard Time elapsed time: 4.357939 seconds (0d 0h 0m 4s)

---------------  T H R E A D  ---------------

Current thread (0x0000024f94454290):  JavaThread "C2 CompilerThread0" daemon [_thread_in_native, id=1784, stack(0x00000079d0e00000,0x00000079d0f00000)]


Current CompileTask:
C2:   4358 4446       4       org.jetbrains.kotlin.com.intellij.lang.impl.PsiBuilderImpl::insertLeaves (88 bytes)

Stack: [0x00000079d0e00000,0x00000079d0f00000]
Native frames: (J=compiled Java code, j=interpreted, Vv=VM code, C=native code)
V  [jvm.dll+0x683c9a]
V  [jvm.dll+0x8427a4]
V  [jvm.dll+0x843f9e]
V  [jvm.dll+0x844603]
V  [jvm.dll+0x249b75]
V  [jvm.dll+0xabcac]
V  [jvm.dll+0xac27c]
V  [jvm.dll+0x368802]
V  [jvm.dll+0x332f31]
V  [jvm.dll+0x3323da]
V  [jvm.dll+0x21c201]
V  [jvm.dll+0x21b621]
V  [jvm.dll+0x1a4fdd]
V  [jvm.dll+0x22b098]
V  [jvm.dll+0x229159]
V  [jvm.dll+0x7f81ec]
V  [jvm.dll+0x7f274a]
V  [jvm.dll+0x682ad5]
C  [ucrtbase.dll+0x29363]
C  [KERNEL32.DLL+0x1257d]
C  [ntdll.dll+0x5aa58]


---------------  P R O C E S S  ---------------

Threads class SMR info:
_java_thread_list=0x0000024f97597e10, length=13, elements={
0x0000024ff7d7c1f0, 0x0000024f939e8260, 0x0000024f939abd40, 0x0000024f939c3b00,
0x0000024f94451370, 0x0000024f94452c40, 0x0000024f94453500, 0x0000024f94454290,
0x0000024f94454d30, 0x0000024f94455720, 0x0000024f9458f4a0, 0x0000024f945961b0,
0x0000024f95dcc450
}

Java Threads: ( => current thread )
  0x0000024ff7d7c1f0 JavaThread "main" [_thread_in_Java, id=20136, stack(0x00000079d0100000,0x00000079d0200000)]
  0x0000024f939e8260 JavaThread "Reference Handler" daemon [_thread_blocked, id=10904, stack(0x00000079d0800000,0x00000079d0900000)]
  0x0000024f939abd40 JavaThread "Finalizer" daemon [_thread_blocked, id=6600, stack(0x00000079d0900000,0x00000079d0a00000)]
  0x0000024f939c3b00 JavaThread "Signal Dispatcher" daemon [_thread_blocked, id=17836, stack(0x00000079d0a00000,0x00000079d0b00000)]
  0x0000024f94451370 JavaThread "Attach Listener" daemon [_thread_blocked, id=4236, stack(0x00000079d0b00000,0x00000079d0c00000)]
  0x0000024f94452c40 JavaThread "Service Thread" daemon [_thread_blocked, id=13628, stack(0x00000079d0c00000,0x00000079d0d00000)]
  0x0000024f94453500 JavaThread "Monitor Deflation Thread" daemon [_thread_blocked, id=8600, stack(0x00000079d0d00000,0x00000079d0e00000)]
=>0x0000024f94454290 JavaThread "C2 CompilerThread0" daemon [_thread_in_native, id=1784, stack(0x00000079d0e00000,0x00000079d0f00000)]
  0x0000024f94454d30 JavaThread "C1 CompilerThread0" daemon [_thread_blocked, id=10600, stack(0x00000079d0f00000,0x00000079d1000000)]
  0x0000024f94455720 JavaThread "Sweeper thread" daemon [_thread_blocked, id=13548, stack(0x00000079d1000000,0x00000079d1100000)]
  0x0000024f9458f4a0 JavaThread "Notification Thread" daemon [_thread_blocked, id=24044, stack(0x00000079d1100000,0x00000079d1200000)]
  0x0000024f945961b0 JavaThread "Common-Cleaner" daemon [_thread_blocked, id=27092, stack(0x00000079d1300000,0x00000079d1400000)]
  0x0000024f95dcc450 JavaThread "C2 CompilerThread1" daemon [_thread_in_native, id=16804, stack(0x00000079d1400000,0x00000079d1500000)]

Other Threads:
  0x0000024f939a8360 VMThread "VM Thread" [stack: 0x00000079d0700000,0x00000079d0800000] [id=14576]
  0x0000024ff7dea620 WatcherThread [stack: 0x00000079d1200000,0x00000079d1300000] [id=11048]
  0x0000024ff7dd3f70 GCTaskThread "GC Thread#0" [stack: 0x00000079d0200000,0x00000079d0300000] [id=20148]
  0x0000024f94b22c90 GCTaskThread "GC Thread#1" [stack: 0x00000079d1500000,0x00000079d1600000] [id=19572]
  0x0000024f94b6cd00 GCTaskThread "GC Thread#2" [stack: 0x00000079d1600000,0x00000079d1700000] [id=19756]
  0x0000024f94b209a0 GCTaskThread "GC Thread#3" [stack: 0x00000079d1700000,0x00000079d1800000] [id=11464]
  0x0000024f94b4ddc0 GCTaskThread "GC Thread#4" [stack: 0x00000079d1800000,0x00000079d1900000] [id=24232]
  0x0000024f95afb780 GCTaskThread "GC Thread#5" [stack: 0x00000079d1900000,0x00000079d1a00000] [id=23840]
  0x0000024f95b47510 GCTaskThread "GC Thread#6" [stack: 0x00000079d1a00000,0x00000079d1b00000] [id=29308]
  0x0000024f95c3d300 GCTaskThread "GC Thread#7" [stack: 0x00000079d1b00000,0x00000079d1c00000] [id=14896]
  0x0000024f95c3b820 GCTaskThread "GC Thread#8" [stack: 0x00000079d1c00000,0x00000079d1d00000] [id=3152]
  0x0000024f95c3caf0 GCTaskThread "GC Thread#9" [stack: 0x00000079d1d00000,0x00000079d1e00000] [id=22988]
  0x0000024ff7de3930 ConcurrentGCThread "G1 Main Marker" [stack: 0x00000079d0300000,0x00000079d0400000] [id=20576]
  0x0000024ff7de4340 ConcurrentGCThread "G1 Conc#0" [stack: 0x00000079d0400000,0x00000079d0500000] [id=17828]
  0x0000024f95c3bd80 ConcurrentGCThread "G1 Conc#1" [stack: 0x00000079d1e00000,0x00000079d1f00000] [id=26368]
  0x0000024f95c3c030 ConcurrentGCThread "G1 Conc#2" [stack: 0x00000079d1f00000,0x00000079d2000000] [id=10164]
  0x0000024f938184e0 ConcurrentGCThread "G1 Refine#0" [stack: 0x00000079d0500000,0x00000079d0600000] [id=16280]
  0x0000024f93818f00 ConcurrentGCThread "G1 Service" [stack: 0x00000079d0600000,0x00000079d0700000] [id=5452]

Threads with active compile tasks:
C2 CompilerThread0     4372 4446       4       org.jetbrains.kotlin.com.intellij.lang.impl.PsiBuilderImpl::insertLeaves (88 bytes)
C1 CompilerThread0     4372 4732       2       kotlin.collections.CollectionsKt___CollectionsKt::singleOrNull (79 bytes)
C2 CompilerThread1     4372 4728       4       org.jetbrains.kotlin.it.unimi.dsi.fastutil.objects.AbstractObjectList::push (7 bytes)

VM state: not at safepoint (normal execution)

VM Mutex/Monitor currently owned by a thread: None

Heap address: 0x000000008ac00000, size: 1876 MB, Compressed Oops mode: 32-bit

CDS archive(s) not mapped
Compressed class space mapped at: 0x0000000100000000-0x0000000140000000, reserved size: 1073741824
Narrow klass base: 0x0000000000000000, Narrow klass shift: 3, Narrow klass range: 0x140000000

GC Precious Log:
 CPUs: 12 total, 12 available
 Memory: 7502M
 Large Page Support: Disabled
 NUMA Support: Disabled
 Compressed Oops: Enabled (32-bit)
 Heap Region Size: 1M
 Heap Min Capacity: 8M
 Heap Initial Capacity: 118M
 Heap Max Capacity: 1876M
 Pre-touch: Disabled
 Parallel Workers: 10
 Concurrent Workers: 3
 Concurrent Refinement Workers: 10
 Periodic GC: Disabled

Heap:
 garbage-first heap   total 130048K, used 47850K [0x000000008ac00000, 0x0000000100000000)
  region size 1024K, 8 young (8192K), 2 survivors (2048K)
 Metaspace       used 52187K, committed 52480K, reserved 1097728K
  class space    used 6258K, committed 6400K, reserved 1048576K

Heap Regions: E=young(eden), S=young(survivor), O=old, HS=humongous(starts), HC=humongous(continues), CS=collection set, F=free, OA=open archive, CA=closed archive, TAMS=top-at-mark-start (previous, next)
|   0|0x000000008ac00000, 0x000000008ad00000, 0x000000008ad00000|100%|HS|  |TAMS 0x000000008ad00000, 0x000000008ac00000| Complete 
|   1|0x000000008ad00000, 0x000000008ae00000, 0x000000008ae00000|100%|HC|  |TAMS 0x000000008ae00000, 0x000000008ad00000| Complete 
|   2|0x000000008ae00000, 0x000000008af00000, 0x000000008af00000|100%|HC|  |TAMS 0x000000008af00000, 0x000000008ae00000| Complete 
|   3|0x000000008af00000, 0x000000008b000000, 0x000000008b000000|100%|HC|  |TAMS 0x000000008b000000, 0x000000008af00000| Complete 
|   4|0x000000008b000000, 0x000000008b100000, 0x000000008b100000|100%| O|  |TAMS 0x000000008b100000, 0x000000008b000000| Untracked 
|   5|0x000000008b100000, 0x000000008b200000, 0x000000008b200000|100%| O|  |TAMS 0x000000008b200000, 0x000000008b100000| Untracked 
|   6|0x000000008b200000, 0x000000008b300000, 0x000000008b300000|100%| O|  |TAMS 0x000000008b300000, 0x000000008b200000| Untracked 
|   7|0x000000008b300000, 0x000000008b400000, 0x000000008b400000|100%| O|  |TAMS 0x000000008b400000, 0x000000008b300000| Untracked 
|   8|0x000000008b400000, 0x000000008b500000, 0x000000008b500000|100%|HS|  |TAMS 0x000000008b500000, 0x000000008b400000| Complete 
|   9|0x000000008b500000, 0x000000008b600000, 0x000000008b600000|100%|HC|  |TAMS 0x000000008b600000, 0x000000008b500000| Complete 
|  10|0x000000008b600000, 0x000000008b700000, 0x000000008b700000|100%|HC|  |TAMS 0x000000008b700000, 0x000000008b600000| Complete 
|  11|0x000000008b700000, 0x000000008b800000, 0x000000008b800000|100%|HC|  |TAMS 0x000000008b800000, 0x000000008b700000| Complete 
|  12|0x000000008b800000, 0x000000008b900000, 0x000000008b900000|100%| O|  |TAMS 0x000000008b900000, 0x000000008b800000| Untracked 
|  13|0x000000008b900000, 0x000000008ba00000, 0x000000008ba00000|100%| O|  |TAMS 0x000000008ba00000, 0x000000008b900000| Complete 
|  14|0x000000008ba00000, 0x000000008bb00000, 0x000000008bb00000|100%| O|  |TAMS 0x000000008bb00000, 0x000000008ba00000| Untracked 
|  15|0x000000008bb00000, 0x000000008bc00000, 0x000000008bc00000|100%| O|  |TAMS 0x000000008bc00000, 0x000000008bb00000| Untracked 
|  16|0x000000008bc00000, 0x000000008bd00000, 0x000000008bd00000|100%| O|  |TAMS 0x000000008bd00000, 0x000000008bc00000| Untracked 
|  17|0x000000008bd00000, 0x000000008be00000, 0x000000008be00000|100%| O|  |TAMS 0x000000008be00000, 0x000000008bd00000| Untracked 
|  18|0x000000008be00000, 0x000000008bf00000, 0x000000008bf00000|100%| O|  |TAMS 0x000000008bf00000, 0x000000008be00000| Untracked 
|  19|0x000000008bf00000, 0x000000008c000000, 0x000000008c000000|100%| O|  |TAMS 0x000000008c000000, 0x000000008bf00000| Untracked 
|  20|0x000000008c000000, 0x000000008c100000, 0x000000008c100000|100%| O|  |TAMS 0x000000008c100000, 0x000000008c000000| Untracked 
|  21|0x000000008c100000, 0x000000008c200000, 0x000000008c200000|100%| O|  |TAMS 0x000000008c200000, 0x000000008c100000| Untracked 
|  22|0x000000008c200000, 0x000000008c300000, 0x000000008c300000|100%| O|  |TAMS 0x000000008c300000, 0x000000008c200000| Untracked 
|  23|0x000000008c300000, 0x000000008c400000, 0x000000008c400000|100%| O|  |TAMS 0x000000008c300000, 0x000000008c300000| Untracked 
|  24|0x000000008c400000, 0x000000008c500000, 0x000000008c500000|100%| O|  |TAMS 0x000000008c500000, 0x000000008c400000| Untracked 
|  25|0x000000008c500000, 0x000000008c600000, 0x000000008c600000|100%| O|  |TAMS 0x000000008c600000, 0x000000008c500000| Untracked 
|  26|0x000000008c600000, 0x000000008c700000, 0x000000008c700000|100%| O|  |TAMS 0x000000008c700000, 0x000000008c600000| Untracked 
|  27|0x000000008c700000, 0x000000008c800000, 0x000000008c800000|100%|HS|  |TAMS 0x000000008c800000, 0x000000008c700000| Complete 
|  28|0x000000008c800000, 0x000000008c900000, 0x000000008c900000|100%|HC|  |TAMS 0x000000008c900000, 0x000000008c800000| Complete 
|  29|0x000000008c900000, 0x000000008ca00000, 0x000000008ca00000|100%| O|  |TAMS 0x000000008ca00000, 0x000000008c900000| Untracked 
|  30|0x000000008ca00000, 0x000000008cb00000, 0x000000008cb00000|100%| O|  |TAMS 0x000000008ca1e400, 0x000000008ca00000| Untracked 
|  31|0x000000008cb00000, 0x000000008cc00000, 0x000000008cc00000|100%| O|  |TAMS 0x000000008cb00000, 0x000000008cb00000| Untracked 
|  32|0x000000008cc00000, 0x000000008cd00000, 0x000000008cd00000|100%| O|  |TAMS 0x000000008cc00000, 0x000000008cc00000| Untracked 
|  33|0x000000008cd00000, 0x000000008ce00000, 0x000000008ce00000|100%| O|  |TAMS 0x000000008cd00000, 0x000000008cd00000| Untracked 
|  34|0x000000008ce00000, 0x000000008cf00000, 0x000000008cf00000|100%| O|  |TAMS 0x000000008ce00000, 0x000000008ce00000| Untracked 
|  35|0x000000008cf00000, 0x000000008d000000, 0x000000008d000000|100%| O|  |TAMS 0x000000008cf00000, 0x000000008cf00000| Untracked 
|  36|0x000000008d000000, 0x000000008d100000, 0x000000008d100000|100%| O|  |TAMS 0x000000008d000000, 0x000000008d000000| Untracked 
|  37|0x000000008d100000, 0x000000008d200000, 0x000000008d200000|100%| O|  |TAMS 0x000000008d100000, 0x000000008d100000| Untracked 
|  38|0x000000008d200000, 0x000000008d247600, 0x000000008d300000| 27%| O|  |TAMS 0x000000008d200000, 0x000000008d200000| Untracked 
|  39|0x000000008d300000, 0x000000008d300000, 0x000000008d400000|  0%| F|  |TAMS 0x000000008d300000, 0x000000008d300000| Untracked 
|  40|0x000000008d400000, 0x000000008d400000, 0x000000008d500000|  0%| F|  |TAMS 0x000000008d400000, 0x000000008d400000| Untracked 
|  41|0x000000008d500000, 0x000000008d500000, 0x000000008d600000|  0%| F|  |TAMS 0x000000008d500000, 0x000000008d500000| Untracked 
|  42|0x000000008d600000, 0x000000008d600000, 0x000000008d700000|  0%| F|  |TAMS 0x000000008d600000, 0x000000008d600000| Untracked 
|  43|0x000000008d700000, 0x000000008d700000, 0x000000008d800000|  0%| F|  |TAMS 0x000000008d700000, 0x000000008d700000| Untracked 
|  44|0x000000008d800000, 0x000000008d800000, 0x000000008d900000|  0%| F|  |TAMS 0x000000008d800000, 0x000000008d800000| Untracked 
|  45|0x000000008d900000, 0x000000008d900000, 0x000000008da00000|  0%| F|  |TAMS 0x000000008d900000, 0x000000008d900000| Untracked 
|  46|0x000000008da00000, 0x000000008da00000, 0x000000008db00000|  0%| F|  |TAMS 0x000000008da00000, 0x000000008da00000| Untracked 
|  47|0x000000008db00000, 0x000000008db00000, 0x000000008dc00000|  0%| F|  |TAMS 0x000000008db00000, 0x000000008db00000| Untracked 
|  48|0x000000008dc00000, 0x000000008dc00000, 0x000000008dd00000|  0%| F|  |TAMS 0x000000008dc00000, 0x000000008dc00000| Untracked 
|  49|0x000000008dd00000, 0x000000008dd00000, 0x000000008de00000|  0%| F|  |TAMS 0x000000008dd00000, 0x000000008dd00000| Untracked 
|  50|0x000000008de00000, 0x000000008de00000, 0x000000008df00000|  0%| F|  |TAMS 0x000000008de00000, 0x000000008de00000| Untracked 
|  51|0x000000008df00000, 0x000000008df00000, 0x000000008e000000|  0%| F|  |TAMS 0x000000008df00000, 0x000000008df00000| Untracked 
|  52|0x000000008e000000, 0x000000008e000000, 0x000000008e100000|  0%| F|  |TAMS 0x000000008e000000, 0x000000008e000000| Untracked 
|  53|0x000000008e100000, 0x000000008e100000, 0x000000008e200000|  0%| F|  |TAMS 0x000000008e100000, 0x000000008e100000| Untracked 
|  54|0x000000008e200000, 0x000000008e200000, 0x000000008e300000|  0%| F|  |TAMS 0x000000008e200000, 0x000000008e200000| Untracked 
|  55|0x000000008e300000, 0x000000008e300000, 0x000000008e400000|  0%| F|  |TAMS 0x000000008e300000, 0x000000008e300000| Untracked 
|  56|0x000000008e400000, 0x000000008e400000, 0x000000008e500000|  0%| F|  |TAMS 0x000000008e400000, 0x000000008e400000| Untracked 
|  57|0x000000008e500000, 0x000000008e500000, 0x000000008e600000|  0%| F|  |TAMS 0x000000008e500000, 0x000000008e500000| Untracked 
|  58|0x000000008e600000, 0x000000008e600000, 0x000000008e700000|  0%| F|  |TAMS 0x000000008e600000, 0x000000008e600000| Untracked 
|  59|0x000000008e700000, 0x000000008e700000, 0x000000008e800000|  0%| F|  |TAMS 0x000000008e700000, 0x000000008e700000| Untracked 
|  60|0x000000008e800000, 0x000000008e800000, 0x000000008e900000|  0%| F|  |TAMS 0x000000008e800000, 0x000000008e800000| Untracked 
|  61|0x000000008e900000, 0x000000008e900000, 0x000000008ea00000|  0%| F|  |TAMS 0x000000008e900000, 0x000000008e900000| Untracked 
|  62|0x000000008ea00000, 0x000000008ea00000, 0x000000008eb00000|  0%| F|  |TAMS 0x000000008ea00000, 0x000000008ea00000| Untracked 
|  63|0x000000008eb00000, 0x000000008eb00000, 0x000000008ec00000|  0%| F|  |TAMS 0x000000008eb00000, 0x000000008eb00000| Untracked 
|  64|0x000000008ec00000, 0x000000008ec00000, 0x000000008ed00000|  0%| F|  |TAMS 0x000000008ec00000, 0x000000008ec00000| Untracked 
|  65|0x000000008ed00000, 0x000000008ed00000, 0x000000008ee00000|  0%| F|  |TAMS 0x000000008ed00000, 0x000000008ed00000| Untracked 
|  66|0x000000008ee00000, 0x000000008ee00000, 0x000000008ef00000|  0%| F|  |TAMS 0x000000008ee00000, 0x000000008ee00000| Untracked 
|  67|0x000000008ef00000, 0x000000008ef00000, 0x000000008f000000|  0%| F|  |TAMS 0x000000008ef00000, 0x000000008ef00000| Untracked 
|  68|0x000000008f000000, 0x000000008f000000, 0x000000008f100000|  0%| F|  |TAMS 0x000000008f000000, 0x000000008f000000| Untracked 
|  69|0x000000008f100000, 0x000000008f100000, 0x000000008f200000|  0%| F|  |TAMS 0x000000008f100000, 0x000000008f100000| Untracked 
|  70|0x000000008f200000, 0x000000008f200000, 0x000000008f300000|  0%| F|  |TAMS 0x000000008f200000, 0x000000008f200000| Untracked 
|  71|0x000000008f300000, 0x000000008f300000, 0x000000008f400000|  0%| F|  |TAMS 0x000000008f300000, 0x000000008f300000| Untracked 
|  72|0x000000008f400000, 0x000000008f400000, 0x000000008f500000|  0%| F|  |TAMS 0x000000008f400000, 0x000000008f400000| Untracked 
|  73|0x000000008f500000, 0x000000008f500000, 0x000000008f600000|  0%| F|  |TAMS 0x000000008f500000, 0x000000008f500000| Untracked 
|  74|0x000000008f600000, 0x000000008f600000, 0x000000008f700000|  0%| F|  |TAMS 0x000000008f600000, 0x000000008f600000| Untracked 
|  75|0x000000008f700000, 0x000000008f700000, 0x000000008f800000|  0%| F|  |TAMS 0x000000008f700000, 0x000000008f700000| Untracked 
|  76|0x000000008f800000, 0x000000008f800000, 0x000000008f900000|  0%| F|  |TAMS 0x000000008f800000, 0x000000008f800000| Untracked 
|  77|0x000000008f900000, 0x000000008f900000, 0x000000008fa00000|  0%| F|  |TAMS 0x000000008f900000, 0x000000008f900000| Untracked 
|  78|0x000000008fa00000, 0x000000008fa00000, 0x000000008fb00000|  0%| F|  |TAMS 0x000000008fa00000, 0x000000008fa00000| Untracked 
|  79|0x000000008fb00000, 0x000000008fb00000, 0x000000008fc00000|  0%| F|  |TAMS 0x000000008fb00000, 0x000000008fb00000| Untracked 
|  80|0x000000008fc00000, 0x000000008fc00000, 0x000000008fd00000|  0%| F|  |TAMS 0x000000008fc00000, 0x000000008fc00000| Untracked 
|  81|0x000000008fd00000, 0x000000008fd00000, 0x000000008fe00000|  0%| F|  |TAMS 0x000000008fd00000, 0x000000008fd00000| Untracked 
|  82|0x000000008fe00000, 0x000000008fe00000, 0x000000008ff00000|  0%| F|  |TAMS 0x000000008fe00000, 0x000000008fe00000| Untracked 
|  83|0x000000008ff00000, 0x000000008ff00000, 0x0000000090000000|  0%| F|  |TAMS 0x000000008ff00000, 0x000000008ff00000| Untracked 
|  84|0x0000000090000000, 0x0000000090000000, 0x0000000090100000|  0%| F|  |TAMS 0x0000000090000000, 0x0000000090000000| Untracked 
|  85|0x0000000090100000, 0x0000000090100000, 0x0000000090200000|  0%| F|  |TAMS 0x0000000090100000, 0x0000000090100000| Untracked 
|  86|0x0000000090200000, 0x0000000090200000, 0x0000000090300000|  0%| F|  |TAMS 0x0000000090200000, 0x0000000090200000| Untracked 
|  87|0x0000000090300000, 0x0000000090300000, 0x0000000090400000|  0%| F|  |TAMS 0x0000000090300000, 0x0000000090300000| Untracked 
|  88|0x0000000090400000, 0x0000000090400000, 0x0000000090500000|  0%| F|  |TAMS 0x0000000090400000, 0x0000000090400000| Untracked 
|  89|0x0000000090500000, 0x0000000090500000, 0x0000000090600000|  0%| F|  |TAMS 0x0000000090500000, 0x0000000090500000| Untracked 
|  90|0x0000000090600000, 0x0000000090600000, 0x0000000090700000|  0%| F|  |TAMS 0x0000000090600000, 0x0000000090600000| Untracked 
|  91|0x0000000090700000, 0x0000000090700000, 0x0000000090800000|  0%| F|  |TAMS 0x0000000090700000, 0x0000000090700000| Untracked 
|  92|0x0000000090800000, 0x0000000090800000, 0x0000000090900000|  0%| F|  |TAMS 0x0000000090800000, 0x0000000090800000| Untracked 
|  93|0x0000000090900000, 0x0000000090900000, 0x0000000090a00000|  0%| F|  |TAMS 0x0000000090900000, 0x0000000090900000| Untracked 
|  94|0x0000000090a00000, 0x0000000090a00000, 0x0000000090b00000|  0%| F|  |TAMS 0x0000000090a00000, 0x0000000090a00000| Untracked 
|  95|0x0000000090b00000, 0x0000000090b00000, 0x0000000090c00000|  0%| F|  |TAMS 0x0000000090b00000, 0x0000000090b00000| Untracked 
|  96|0x0000000090c00000, 0x0000000090c00000, 0x0000000090d00000|  0%| F|  |TAMS 0x0000000090c00000, 0x0000000090c00000| Untracked 
|  97|0x0000000090d00000, 0x0000000090d00000, 0x0000000090e00000|  0%| F|  |TAMS 0x0000000090d00000, 0x0000000090d00000| Untracked 
|  98|0x0000000090e00000, 0x0000000090e00000, 0x0000000090f00000|  0%| F|  |TAMS 0x0000000090e00000, 0x0000000090e00000| Untracked 
|  99|0x0000000090f00000, 0x0000000090f00000, 0x0000000091000000|  0%| F|  |TAMS 0x0000000090f00000, 0x0000000090f00000| Untracked 
| 100|0x0000000091000000, 0x0000000091000000, 0x0000000091100000|  0%| F|  |TAMS 0x0000000091000000, 0x0000000091000000| Untracked 
| 101|0x0000000091100000, 0x0000000091100000, 0x0000000091200000|  0%| F|  |TAMS 0x0000000091100000, 0x0000000091100000| Untracked 
| 102|0x0000000091200000, 0x0000000091200000, 0x0000000091300000|  0%| F|  |TAMS 0x0000000091200000, 0x0000000091200000| Untracked 
| 103|0x0000000091300000, 0x0000000091300000, 0x0000000091400000|  0%| F|  |TAMS 0x0000000091300000, 0x0000000091300000| Untracked 
| 104|0x0000000091400000, 0x0000000091400000, 0x0000000091500000|  0%| F|  |TAMS 0x0000000091400000, 0x0000000091400000| Untracked 
| 105|0x0000000091500000, 0x0000000091500000, 0x0000000091600000|  0%| F|  |TAMS 0x0000000091500000, 0x0000000091500000| Untracked 
| 106|0x0000000091600000, 0x0000000091600000, 0x0000000091700000|  0%| F|  |TAMS 0x0000000091600000, 0x0000000091600000| Untracked 
| 107|0x0000000091700000, 0x0000000091700000, 0x0000000091800000|  0%| F|  |TAMS 0x0000000091700000, 0x0000000091700000| Untracked 
| 108|0x0000000091800000, 0x0000000091800000, 0x0000000091900000|  0%| F|  |TAMS 0x0000000091800000, 0x0000000091800000| Untracked 
| 109|0x0000000091900000, 0x0000000091900000, 0x0000000091a00000|  0%| F|  |TAMS 0x0000000091900000, 0x0000000091900000| Untracked 
| 110|0x0000000091a00000, 0x0000000091a00000, 0x0000000091b00000|  0%| F|  |TAMS 0x0000000091a00000, 0x0000000091a00000| Untracked 
| 111|0x0000000091b00000, 0x0000000091b00000, 0x0000000091c00000|  0%| F|  |TAMS 0x0000000091b00000, 0x0000000091b00000| Untracked 
| 112|0x0000000091c00000, 0x0000000091c00000, 0x0000000091d00000|  0%| F|  |TAMS 0x0000000091c00000, 0x0000000091c00000| Untracked 
| 113|0x0000000091d00000, 0x0000000091d00000, 0x0000000091e00000|  0%| F|  |TAMS 0x0000000091d00000, 0x0000000091d00000| Untracked 
| 114|0x0000000091e00000, 0x0000000091e73590, 0x0000000091f00000| 45%| S|CS|TAMS 0x0000000091e00000, 0x0000000091e00000| Complete 
| 115|0x0000000091f00000, 0x0000000092000000, 0x0000000092000000|100%| S|CS|TAMS 0x0000000091f00000, 0x0000000091f00000| Complete 
| 116|0x0000000092000000, 0x0000000092000000, 0x0000000092100000|  0%| F|  |TAMS 0x0000000092000000, 0x0000000092000000| Untracked 
| 117|0x0000000092100000, 0x0000000092100000, 0x0000000092200000|  0%| F|  |TAMS 0x0000000092100000, 0x0000000092100000| Untracked 
| 118|0x0000000092200000, 0x0000000092200000, 0x0000000092300000|  0%| F|  |TAMS 0x0000000092200000, 0x0000000092200000| Untracked 
| 119|0x0000000092300000, 0x0000000092400000, 0x0000000092400000|100%| E|  |TAMS 0x0000000092300000, 0x0000000092300000| Complete 
| 120|0x0000000092400000, 0x0000000092500000, 0x0000000092500000|100%| E|CS|TAMS 0x0000000092400000, 0x0000000092400000| Complete 
| 121|0x0000000092500000, 0x0000000092600000, 0x0000000092600000|100%| E|CS|TAMS 0x0000000092500000, 0x0000000092500000| Complete 
| 122|0x0000000092600000, 0x0000000092700000, 0x0000000092700000|100%| E|CS|TAMS 0x0000000092600000, 0x0000000092600000| Complete 
| 123|0x0000000092700000, 0x0000000092800000, 0x0000000092800000|100%| E|CS|TAMS 0x0000000092700000, 0x0000000092700000| Complete 
| 124|0x0000000092800000, 0x0000000092900000, 0x0000000092900000|100%| E|CS|TAMS 0x0000000092800000, 0x0000000092800000| Complete 
|1874|0x00000000ffe00000, 0x00000000fff00000, 0x00000000fff00000|100%| O|  |TAMS 0x00000000fff00000, 0x00000000ffe00000| Untracked 
|1875|0x00000000fff00000, 0x0000000100000000, 0x0000000100000000|100%| O|  |TAMS 0x0000000100000000, 0x00000000fff00000| Untracked 

Card table byte_map: [0x0000024ffda90000,0x0000024ffde40000] _byte_map_base: 0x0000024ffd63a000

Marking Bits (Prev, Next): (CMBitMap*) 0x0000024ff7dd45c0, (CMBitMap*) 0x0000024ff7dd4580
 Prev Bits: [0x0000024f8f000000, 0x0000024f90d50000)
 Next Bits: [0x0000024ffe1f0000, 0x0000024ffff40000)

Polling page: 0x0000024ff7e40000

Metaspace:

Usage:
  Non-class:     44.86 MB used.
      Class:      6.11 MB used.
       Both:     50.97 MB used.

Virtual space:
  Non-class space:       48.00 MB reserved,      45.00 MB ( 94%) committed,  6 nodes.
      Class space:        1.00 GB reserved,       6.25 MB ( <1%) committed,  1 nodes.
             Both:        1.05 GB reserved,      51.25 MB (  5%) committed. 

Chunk freelists:
   Non-Class:  2.78 MB
       Class:  1.65 MB
        Both:  4.43 MB

MaxMetaspaceSize: unlimited
CompressedClassSpaceSize: 1.00 GB
Initial GC threshold: 21.00 MB
Current GC threshold: 85.12 MB
CDS: off
MetaspaceReclaimPolicy: balanced
 - commit_granule_bytes: 65536.
 - commit_granule_words: 8192.
 - virtual_space_node_default_size: 1048576.
 - enlarge_chunks_in_place: 1.
 - new_chunks_are_fully_committed: 0.
 - uncommit_free_chunks: 1.
 - use_allocation_guard: 0.
 - handle_deallocations: 1.


Internal statistics:

num_allocs_failed_limit: 6.
num_arena_births: 218.
num_arena_deaths: 0.
num_vsnodes_births: 7.
num_vsnodes_deaths: 0.
num_space_committed: 818.
num_space_uncommitted: 0.
num_chunks_returned_to_freelist: 6.
num_chunks_taken_from_freelist: 1699.
num_chunk_merges: 6.
num_chunk_splits: 1385.
num_chunks_enlarged: 1224.
num_purges: 0.
num_inconsistent_stats: 0.

CodeHeap 'non-profiled nmethods': size=120000Kb used=2055Kb max_used=2055Kb free=117944Kb
 bounds [0x0000024f87ad0000, 0x0000024f87d40000, 0x0000024f8f000000]
CodeHeap 'profiled nmethods': size=120000Kb used=9651Kb max_used=9651Kb free=110348Kb
 bounds [0x0000024f80000000, 0x0000024f80970000, 0x0000024f87530000]
CodeHeap 'non-nmethods': size=5760Kb used=1270Kb max_used=1320Kb free=4489Kb
 bounds [0x0000024f87530000, 0x0000024f877a0000, 0x0000024f87ad0000]
 total_blobs=5287 nmethods=4699 adapters=500
 compilation: enabled
              stopped_count=0, restarted_count=0
 full_count=0

Compilation events (20 events):
Event: 4.349 Thread 0x0000024f94454d30 nmethod 4694 0x0000024f80959e90 code [0x0000024f8095a040, 0x0000024f8095a1e8]
Event: 4.349 Thread 0x0000024f94454d30 4695       2       org.jetbrains.kotlin.config.AnalysisFlag::hashCode (8 bytes)
Event: 4.349 Thread 0x0000024f94454d30 nmethod 4695 0x0000024f8095a310 code [0x0000024f8095a4a0, 0x0000024f8095a5c8]
Event: 4.349 Thread 0x0000024f94454d30 4696       2       org.jetbrains.kotlin.com.google.common.collect.AbstractSetMultimap::get (9 bytes)
Event: 4.349 Thread 0x0000024f94454d30 nmethod 4696 0x0000024f8095a690 code [0x0000024f8095a860, 0x0000024f8095aaa8]
Event: 4.349 Thread 0x0000024f94454d30 4697       2       org.jetbrains.kotlin.com.google.common.collect.AbstractSetMultimap::wrapCollection (14 bytes)
Event: 4.349 Thread 0x0000024f94454d30 nmethod 4697 0x0000024f8095ac10 code [0x0000024f8095adc0, 0x0000024f8095afa8]
Event: 4.350 Thread 0x0000024f94454d30 4698       2       org.jetbrains.kotlin.resolve.PlatformClassesMappedToKotlinChecker::reportPlatformClassMappedToKotlin (80 bytes)
Event: 4.350 Thread 0x0000024f94454d30 nmethod 4698 0x0000024f8095b090 code [0x0000024f8095b2a0, 0x0000024f8095b618]
Event: 4.350 Thread 0x0000024f94454d30 4699       2       org.jetbrains.kotlin.com.intellij.util.text.CharArrayUtil::fromSequenceWithoutCopying (64 bytes)
Event: 4.351 Thread 0x0000024f94454d30 nmethod 4699 0x0000024f8095b810 code [0x0000024f8095ba20, 0x0000024f8095bf68]
Event: 4.353 Thread 0x0000024f94454d30 4700       2       org.jetbrains.kotlin.com.intellij.psi.impl.source.tree.RecursiveTreeElementWalkingVisitor$ASTTreeGuide::getNextSibling (9 bytes)
Event: 4.354 Thread 0x0000024f94454d30 nmethod 4700 0x0000024f8095c210 code [0x0000024f8095c3c0, 0x0000024f8095c588]
Event: 4.354 Thread 0x0000024f94454d30 4701       2       org.jetbrains.kotlin.com.intellij.psi.impl.source.tree.RecursiveTreeElementWalkingVisitor$ASTTreeGuide::getNextSibling (15 bytes)
Event: 4.354 Thread 0x0000024f94454d30 nmethod 4701 0x0000024f8095c710 code [0x0000024f8095c8c0, 0x0000024f8095ca28]
Event: 4.354 Thread 0x0000024f94454d30 4702       2       java.util.Arrays$ArrayList::iterator (12 bytes)
Event: 4.354 Thread 0x0000024f94454d30 nmethod 4702 0x0000024f8095cb10 code [0x0000024f8095cca0, 0x0000024f8095ce58]
Event: 4.354 Thread 0x0000024f94454d30 4703       2       java.util.Arrays$ArrayItr::<init> (10 bytes)
Event: 4.354 Thread 0x0000024f94454d30 nmethod 4703 0x0000024f8095cf10 code [0x0000024f8095d0a0, 0x0000024f8095d1f8]
Event: 4.355 Thread 0x0000024f94454d30 4704       2       org.jetbrains.kotlin.com.intellij.psi.impl.file.impl.FileManagerImpl::findDirectory (118 bytes)

GC Heap History (20 events):
Event: 1.200 GC heap before
{Heap before GC invocations=2 (full 0):
 garbage-first heap   total 120832K, used 11837K [0x000000008ac00000, 0x0000000100000000)
  region size 1024K, 6 young (6144K), 4 survivors (4096K)
 Metaspace       used 21361K, committed 21504K, reserved 1073152K
  class space    used 2384K, committed 2432K, reserved 1048576K
}
Event: 1.205 GC heap after
{Heap after GC invocations=3 (full 0):
 garbage-first heap   total 120832K, used 11285K [0x000000008ac00000, 0x0000000100000000)
  region size 1024K, 4 young (4096K), 4 survivors (4096K)
 Metaspace       used 21361K, committed 21504K, reserved 1073152K
  class space    used 2384K, committed 2432K, reserved 1048576K
}
Event: 1.568 GC heap before
{Heap before GC invocations=4 (full 0):
 garbage-first heap   total 45056K, used 34837K [0x000000008ac00000, 0x0000000100000000)
  region size 1024K, 24 young (24576K), 4 survivors (4096K)
 Metaspace       used 26903K, committed 27136K, reserved 1073152K
  class space    used 2995K, committed 3072K, reserved 1048576K
}
Event: 1.583 GC heap after
{Heap after GC invocations=5 (full 0):
 garbage-first heap   total 47104K, used 21415K [0x000000008ac00000, 0x0000000100000000)
  region size 1024K, 4 young (4096K), 4 survivors (4096K)
 Metaspace       used 26903K, committed 27136K, reserved 1073152K
  class space    used 2995K, committed 3072K, reserved 1048576K
}
Event: 1.631 GC heap before
{Heap before GC invocations=5 (full 0):
 garbage-first heap   total 47104K, used 22439K [0x000000008ac00000, 0x0000000100000000)
  region size 1024K, 5 young (5120K), 4 survivors (4096K)
 Metaspace       used 27766K, committed 28032K, reserved 1081344K
  class space    used 3093K, committed 3200K, reserved 1048576K
}
Event: 1.636 GC heap after
{Heap after GC invocations=6 (full 0):
 garbage-first heap   total 47104K, used 22293K [0x000000008ac00000, 0x0000000100000000)
  region size 1024K, 1 young (1024K), 1 survivors (1024K)
 Metaspace       used 27766K, committed 28032K, reserved 1081344K
  class space    used 3093K, committed 3200K, reserved 1048576K
}
Event: 1.892 GC heap before
{Heap before GC invocations=6 (full 0):
 garbage-first heap   total 47104K, used 31509K [0x000000008ac00000, 0x0000000100000000)
  region size 1024K, 11 young (11264K), 1 survivors (1024K)
 Metaspace       used 30835K, committed 31104K, reserved 1081344K
  class space    used 3533K, committed 3648K, reserved 1048576K
}
Event: 1.896 GC heap after
{Heap after GC invocations=7 (full 0):
 garbage-first heap   total 66560K, used 22245K [0x000000008ac00000, 0x0000000100000000)
  region size 1024K, 1 young (1024K), 1 survivors (1024K)
 Metaspace       used 30835K, committed 31104K, reserved 1081344K
  class space    used 3533K, committed 3648K, reserved 1048576K
}
Event: 2.392 GC heap before
{Heap before GC invocations=8 (full 0):
 garbage-first heap   total 66560K, used 47845K [0x000000008ac00000, 0x0000000100000000)
  region size 1024K, 25 young (25600K), 1 survivors (1024K)
 Metaspace       used 34209K, committed 34496K, reserved 1081344K
  class space    used 4361K, committed 4480K, reserved 1048576K
}
Event: 2.400 GC heap after
{Heap after GC invocations=9 (full 0):
 garbage-first heap   total 66560K, used 29380K [0x000000008ac00000, 0x0000000100000000)
  region size 1024K, 4 young (4096K), 4 survivors (4096K)
 Metaspace       used 34209K, committed 34496K, reserved 1081344K
  class space    used 4361K, committed 4480K, reserved 1048576K
}
Event: 2.412 GC heap before
{Heap before GC invocations=9 (full 0):
 garbage-first heap   total 66560K, used 30404K [0x000000008ac00000, 0x0000000100000000)
  region size 1024K, 5 young (5120K), 4 survivors (4096K)
 Metaspace       used 34480K, committed 34688K, reserved 1081344K
  class space    used 4399K, committed 4480K, reserved 1048576K
}
Event: 2.416 GC heap after
{Heap after GC invocations=10 (full 0):
 garbage-first heap   total 66560K, used 28126K [0x000000008ac00000, 0x0000000100000000)
  region size 1024K, 1 young (1024K), 1 survivors (1024K)
 Metaspace       used 34480K, committed 34688K, reserved 1081344K
  class space    used 4399K, committed 4480K, reserved 1048576K
}
Event: 2.667 GC heap before
{Heap before GC invocations=10 (full 0):
 garbage-first heap   total 66560K, used 47582K [0x000000008ac00000, 0x0000000100000000)
  region size 1024K, 20 young (20480K), 1 survivors (1024K)
 Metaspace       used 38347K, committed 38592K, reserved 1089536K
  class space    used 4848K, committed 4928K, reserved 1048576K
}
Event: 2.671 GC heap after
{Heap after GC invocations=11 (full 0):
 garbage-first heap   total 66560K, used 28357K [0x000000008ac00000, 0x0000000100000000)
  region size 1024K, 3 young (3072K), 3 survivors (3072K)
 Metaspace       used 38347K, committed 38592K, reserved 1089536K
  class space    used 4848K, committed 4928K, reserved 1048576K
}
Event: 2.977 GC heap before
{Heap before GC invocations=11 (full 0):
 garbage-first heap   total 66560K, used 46789K [0x000000008ac00000, 0x0000000100000000)
  region size 1024K, 22 young (22528K), 3 survivors (3072K)
 Metaspace       used 42043K, committed 42304K, reserved 1089536K
  class space    used 5195K, committed 5312K, reserved 1048576K
}
Event: 2.982 GC heap after
{Heap after GC invocations=12 (full 0):
 garbage-first heap   total 130048K, used 30352K [0x000000008ac00000, 0x0000000100000000)
  region size 1024K, 3 young (3072K), 3 survivors (3072K)
 Metaspace       used 42043K, committed 42304K, reserved 1089536K
  class space    used 5195K, committed 5312K, reserved 1048576K
}
Event: 3.991 GC heap before
{Heap before GC invocations=12 (full 0):
 garbage-first heap   total 130048K, used 102032K [0x000000008ac00000, 0x0000000100000000)
  region size 1024K, 70 young (71680K), 3 survivors (3072K)
 Metaspace       used 49895K, committed 50176K, reserved 1097728K
  class space    used 6003K, committed 6144K, reserved 1048576K
}
Event: 4.000 GC heap after
{Heap after GC invocations=13 (full 0):
 garbage-first heap   total 130048K, used 41081K [0x000000008ac00000, 0x0000000100000000)
  region size 1024K, 9 young (9216K), 9 survivors (9216K)
 Metaspace       used 49895K, committed 50176K, reserved 1097728K
  class space    used 6003K, committed 6144K, reserved 1048576K
}
Event: 4.160 GC heap before
{Heap before GC invocations=13 (full 0):
 garbage-first heap   total 130048K, used 49273K [0x000000008ac00000, 0x0000000100000000)
  region size 1024K, 18 young (18432K), 9 survivors (9216K)
 Metaspace       used 51859K, committed 52096K, reserved 1097728K
  class space    used 6245K, committed 6400K, reserved 1048576K
}
Event: 4.167 GC heap after
{Heap after GC invocations=14 (full 0):
 garbage-first heap   total 130048K, used 42730K [0x000000008ac00000, 0x0000000100000000)
  region size 1024K, 2 young (2048K), 2 survivors (2048K)
 Metaspace       used 51859K, committed 52096K, reserved 1097728K
  class space    used 6245K, committed 6400K, reserved 1048576K
}

Dll operation events (2 events):
Event: 0.006 Loaded shared library C:\Program Files\Android\Android Studio\jbr\bin\java.dll
Event: 1.019 Loaded shared library C:\Program Files\Android\Android Studio\jbr\bin\verify.dll

Deoptimization events (20 events):
Event: 4.096 Thread 0x0000024ff7d7c1f0 DEOPT PACKING pc=0x0000024f87c5313c sp=0x00000079d01fc980
Event: 4.096 Thread 0x0000024ff7d7c1f0 DEOPT UNPACKING pc=0x0000024f875869a3 sp=0x00000079d01fc918 mode 2
Event: 4.096 Thread 0x0000024ff7d7c1f0 Uncommon trap: trap_request=0xffffffde fr.pc=0x0000024f87c5313c relative=0x000000000000009c
Event: 4.096 Thread 0x0000024ff7d7c1f0 Uncommon trap: reason=class_check action=maybe_recompile pc=0x0000024f87c5313c method=org.jetbrains.kotlin.com.intellij.lang.java.lexer.JavaLexer.charAt(I)C @ 21 c2
Event: 4.096 Thread 0x0000024ff7d7c1f0 DEOPT PACKING pc=0x0000024f87c5313c sp=0x00000079d01fc980
Event: 4.096 Thread 0x0000024ff7d7c1f0 DEOPT UNPACKING pc=0x0000024f875869a3 sp=0x00000079d01fc918 mode 2
Event: 4.096 Thread 0x0000024ff7d7c1f0 Uncommon trap: trap_request=0xffffffde fr.pc=0x0000024f87c55fe4 relative=0x00000000000006a4
Event: 4.096 Thread 0x0000024ff7d7c1f0 Uncommon trap: reason=class_check action=maybe_recompile pc=0x0000024f87c55fe4 method=org.jetbrains.kotlin.com.intellij.lang.java.lexer.JavaLexer.charAt(I)C @ 21 c2
Event: 4.096 Thread 0x0000024ff7d7c1f0 DEOPT PACKING pc=0x0000024f87c55fe4 sp=0x00000079d01fca50
Event: 4.096 Thread 0x0000024ff7d7c1f0 DEOPT UNPACKING pc=0x0000024f875869a3 sp=0x00000079d01fc9a8 mode 2
Event: 4.144 Thread 0x0000024ff7d7c1f0 Uncommon trap: trap_request=0xffffffde fr.pc=0x0000024f87c3de44 relative=0x0000000000000284
Event: 4.144 Thread 0x0000024ff7d7c1f0 Uncommon trap: reason=class_check action=maybe_recompile pc=0x0000024f87c3de44 method=org.jetbrains.kotlin.com.intellij.psi.impl.source.tree.SharedImplUtil.findFileElement(Lorg/jetbrains/kotlin/com/intellij/lang/ASTNode;)Lorg/jetbrains/kotlin/com/intellij
Event: 4.144 Thread 0x0000024ff7d7c1f0 DEOPT PACKING pc=0x0000024f87c3de44 sp=0x00000079d01fca30
Event: 4.144 Thread 0x0000024ff7d7c1f0 DEOPT UNPACKING pc=0x0000024f875869a3 sp=0x00000079d01fc918 mode 2
Event: 4.198 Thread 0x0000024ff7d7c1f0 Uncommon trap: trap_request=0xffffff45 fr.pc=0x0000024f87cba8f0 relative=0x00000000000008d0
Event: 4.198 Thread 0x0000024ff7d7c1f0 Uncommon trap: reason=unstable_if action=reinterpret pc=0x0000024f87cba8f0 method=org.jetbrains.kotlin.com.intellij.lang.impl.PsiBuilderImpl.processDone(Lorg/jetbrains/kotlin/com/intellij/lang/impl/PsiBuilderImpl$StartMarker;Ljava/lang/String;Lorg/jetbrai
Event: 4.198 Thread 0x0000024ff7d7c1f0 DEOPT PACKING pc=0x0000024f87cba8f0 sp=0x00000079d01fc7e0
Event: 4.198 Thread 0x0000024ff7d7c1f0 DEOPT UNPACKING pc=0x0000024f875869a3 sp=0x00000079d01fc7b8 mode 2
Event: 4.266 Thread 0x0000024ff7d7c1f0 DEOPT PACKING pc=0x0000024f806e34e2 sp=0x00000079d01fcce0
Event: 4.266 Thread 0x0000024ff7d7c1f0 DEOPT UNPACKING pc=0x0000024f87587143 sp=0x00000079d01fc1a8 mode 0

Classes unloaded (0 events):
No events

Classes redefined (0 events):
No events

Internal exceptions (20 events):
Event: 1.023 Thread 0x0000024ff7d7c1f0 Exception <a 'java/lang/NoSuchMethodError'{0x0000000090513648}: 'java.lang.Object java.lang.invoke.DirectMethodHandle$Holder.invokeStaticInit(java.lang.Object)'> (0x0000000090513648) 
thrown [s\src\hotspot\share\interpreter\linkResolver.cpp, line 771]
Event: 1.237 Thread 0x0000024ff7d7c1f0 Exception <a 'java/lang/NoSuchMethodError'{0x000000008d1028c0}: 'java.lang.Object java.lang.invoke.DirectMethodHandle$Holder.invokeStaticInit(java.lang.Object, int)'> (0x000000008d1028c0) 
thrown [s\src\hotspot\share\interpreter\linkResolver.cpp, line 771]
Event: 1.243 Thread 0x0000024ff7d7c1f0 Exception <a 'java/lang/NoSuchMethodError'{0x000000008d1837f8}: 'void java.lang.invoke.DirectMethodHandle$Holder.invokeStatic(java.lang.Object, java.lang.Object)'> (0x000000008d1837f8) 
thrown [s\src\hotspot\share\interpreter\linkResolver.cpp, line 771]
Event: 1.263 Thread 0x0000024ff7d7c1f0 Exception <a 'java/lang/NoSuchMethodError'{0x000000008d0c0c70}: 'long java.lang.invoke.DirectMethodHandle$Holder.invokeStatic(java.lang.Object)'> (0x000000008d0c0c70) 
thrown [s\src\hotspot\share\interpreter\linkResolver.cpp, line 771]
Event: 1.263 Thread 0x0000024ff7d7c1f0 Exception <a 'java/lang/NoSuchMethodError'{0x000000008d0c43c8}: 'long java.lang.invoke.DirectMethodHandle$Holder.invokeStaticInit(java.lang.Object)'> (0x000000008d0c43c8) 
thrown [s\src\hotspot\share\interpreter\linkResolver.cpp, line 771]
Event: 1.318 Thread 0x0000024ff7d7c1f0 Exception <a 'java/lang/NoSuchMethodError'{0x000000008cb2aa48}: 'int java.lang.invoke.DirectMethodHandle$Holder.invokeStaticInit(java.lang.Object, java.lang.Object, java.lang.Object)'> (0x000000008cb2aa48) 
thrown [s\src\hotspot\share\interpreter\linkResolver.cpp, line 771]
Event: 1.322 Thread 0x0000024ff7d7c1f0 Exception <a 'java/lang/NoSuchMethodError'{0x000000008cb52d80}: 'int java.lang.invoke.DirectMethodHandle$Holder.invokeStaticInit(java.lang.Object, java.lang.Object)'> (0x000000008cb52d80) 
thrown [s\src\hotspot\share\interpreter\linkResolver.cpp, line 771]
Event: 1.338 Thread 0x0000024ff7d7c1f0 Exception <a 'java/lang/NoSuchMethodError'{0x000000008ca2f288}: 'void java.lang.invoke.DirectMethodHandle$Holder.invokeSpecial(java.lang.Object, java.lang.Object, java.lang.Object)'> (0x000000008ca2f288) 
thrown [s\src\hotspot\share\interpreter\linkResolver.cpp, line 771]
Event: 1.630 Thread 0x0000024ff7d7c1f0 Exception <a 'java/lang/NoSuchMethodError'{0x00000000921f22a0}: 'void java.lang.invoke.DirectMethodHandle$Holder.invokeStatic(java.lang.Object, java.lang.Object, java.lang.Object, java.lang.Object)'> (0x00000000921f22a0) 
thrown [s\src\hotspot\share\interpreter\linkResolver.cpp, line 771]
Event: 1.702 Thread 0x0000024ff7d7c1f0 Exception <a 'java/lang/NoSuchMethodError'{0x0000000091cbf240}: 'void java.lang.invoke.DirectMethodHandle$Holder.invokeStaticInit(java.lang.Object, java.lang.Object)'> (0x0000000091cbf240) 
thrown [s\src\hotspot\share\interpreter\linkResolver.cpp, line 771]
Event: 1.837 Thread 0x0000024ff7d7c1f0 Exception <a 'java/lang/NoSuchMethodError'{0x000000008ce276a8}: 'void java.lang.invoke.DirectMethodHandle$Holder.invokeVirtual(java.lang.Object, java.lang.Object)'> (0x000000008ce276a8) 
thrown [s\src\hotspot\share\interpreter\linkResolver.cpp, line 771]
Event: 1.853 Thread 0x0000024ff7d7c1f0 Exception <a 'java/lang/NoSuchMethodError'{0x000000008cec06e8}: 'int java.lang.invoke.DirectMethodHandle$Holder.invokeVirtual(java.lang.Object, java.lang.Object)'> (0x000000008cec06e8) 
thrown [s\src\hotspot\share\interpreter\linkResolver.cpp, line 771]
Event: 1.874 Thread 0x0000024ff7d7c1f0 Exception <a 'java/lang/NoSuchMethodError'{0x000000008cd6a870}: 'java.lang.Object java.lang.invoke.Invokers$Holder.invokeExact_MT(java.lang.Object, java.lang.Object, java.lang.Object, java.lang.Object, java.lang.Object, java.lang.Object)'> (0x000000008cd6a870) 
thrown [s\src\hotspot\share\interpreter\linkResolver.cpp, line 771]
Event: 2.582 Thread 0x0000024ff7d7c1f0 Exception <a 'java/lang/NoSuchMethodError'{0x000000008dc1f610}: 'java.lang.Object java.lang.invoke.DirectMethodHandle$Holder.invokeVirtual(java.lang.Object, java.lang.Object, java.lang.Object)'> (0x000000008dc1f610) 
thrown [s\src\hotspot\share\interpreter\linkResolver.cpp, line 771]
Event: 3.261 Thread 0x0000024ff7d7c1f0 Exception <a 'java/lang/NoSuchMethodError'{0x0000000091963b70}: 'java.lang.Object java.lang.invoke.DirectMethodHandle$Holder.newInvokeSpecial(java.lang.Object, java.lang.Object, int)'> (0x0000000091963b70) 
thrown [s\src\hotspot\share\interpreter\linkResolver.cpp, line 771]
Event: 3.399 Thread 0x0000024ff7d7c1f0 Implicit null exception at 0x0000024f87c39b83 to 0x0000024f87c3a48c
Event: 3.730 Thread 0x0000024ff7d7c1f0 Exception <a 'java/lang/NoSuchMethodError'{0x000000009073f480}: 'java.lang.Object java.lang.invoke.DirectMethodHandle$Holder.newInvokeSpecial(java.lang.Object, java.lang.Object, java.lang.Object, int)'> (0x000000009073f480) 
thrown [s\src\hotspot\share\interpreter\linkResolver.cpp, line 771]
Event: 3.730 Thread 0x0000024ff7d7c1f0 Exception <a 'java/lang/NoSuchMethodError'{0x0000000090743b08}: 'java.lang.Object java.lang.invoke.DirectMethodHandle$Holder.invokeSpecial(java.lang.Object, java.lang.Object, java.lang.Object, java.lang.Object, int)'> (0x0000000090743b08) 
thrown [s\src\hotspot\share\interpreter\linkResolver.cpp, line 771]
Event: 3.730 Thread 0x0000024ff7d7c1f0 Exception <a 'java/lang/NoSuchMethodError'{0x0000000090747978}: 'java.lang.Object java.lang.invoke.Invokers$Holder.linkToTargetMethod(java.lang.Object, java.lang.Object, int, java.lang.Object)'> (0x0000000090747978) 
thrown [s\src\hotspot\share\interpreter\linkResolver.cpp, line 771]
Event: 4.096 Thread 0x0000024ff7d7c1f0 Implicit null exception at 0x0000024f87c2a0d0 to 0x0000024f87c2a194

VM Operations (20 events):
Event: 3.653 Executing VM operation: HandshakeAllThreads
Event: 3.653 Executing VM operation: HandshakeAllThreads done
Event: 3.660 Executing VM operation: ICBufferFull
Event: 3.661 Executing VM operation: ICBufferFull done
Event: 3.665 Executing VM operation: HandshakeAllThreads
Event: 3.665 Executing VM operation: HandshakeAllThreads done
Event: 3.713 Executing VM operation: HandshakeAllThreads
Event: 3.713 Executing VM operation: HandshakeAllThreads done
Event: 3.882 Executing VM operation: ICBufferFull
Event: 3.883 Executing VM operation: ICBufferFull done
Event: 3.991 Executing VM operation: G1CollectForAllocation
Event: 4.000 Executing VM operation: G1CollectForAllocation done
Event: 4.160 Executing VM operation: CollectForMetadataAllocation
Event: 4.167 Executing VM operation: CollectForMetadataAllocation done
Event: 4.174 Executing VM operation: HandshakeAllThreads
Event: 4.174 Executing VM operation: HandshakeAllThreads done
Event: 4.185 Executing VM operation: G1Concurrent
Event: 4.189 Executing VM operation: G1Concurrent done
Event: 4.199 Executing VM operation: G1Concurrent
Event: 4.199 Executing VM operation: G1Concurrent done

Events (20 events):
Event: 3.224 loading class java/util/AbstractMap$SimpleImmutableEntry
Event: 3.224 loading class java/util/AbstractMap$SimpleImmutableEntry done
Event: 3.260 loading class java/util/function/IntUnaryOperator
Event: 3.260 loading class java/util/function/IntUnaryOperator done
Event: 3.435 loading class java/util/AbstractList$SubList$1
Event: 3.435 loading class java/util/AbstractList$SubList$1 done
Event: 3.435 loading class java/util/AbstractList$ListItr
Event: 3.435 loading class java/util/AbstractList$ListItr done
Event: 3.444 loading class java/security/CodeSigner
Event: 3.444 loading class java/security/CodeSigner done
Event: 3.539 loading class java/text/StringCharacterIterator
Event: 3.539 loading class java/text/CharacterIterator
Event: 3.539 loading class java/text/CharacterIterator done
Event: 3.539 loading class java/text/StringCharacterIterator done
Event: 3.712 loading class java/util/ArrayList$ListItr
Event: 3.712 loading class java/util/ArrayList$ListItr done
Event: 3.763 loading class java/util/Collections$SingletonMap
Event: 3.764 loading class java/util/Collections$SingletonMap done
Event: 4.176 loading class java/util/ComparableTimSort
Event: 4.176 loading class java/util/ComparableTimSort done


Dynamic libraries:
0x00007ff6921b0000 - 0x00007ff6921ba000 	C:\Program Files\Android\Android Studio\jbr\bin\java.exe
0x00007ffad58d0000 - 0x00007ffad5ae7000 	C:\WINDOWS\SYSTEM32\ntdll.dll
0x00007ffad4f00000 - 0x00007ffad4fc4000 	C:\WINDOWS\System32\KERNEL32.DLL
0x00007ffad2ee0000 - 0x00007ffad3286000 	C:\WINDOWS\System32\KERNELBASE.dll
0x00007ffad3290000 - 0x00007ffad33a1000 	C:\WINDOWS\System32\ucrtbase.dll
0x00007ffa82590000 - 0x00007ffa825ab000 	C:\Program Files\Android\Android Studio\jbr\bin\VCRUNTIME140.dll
0x00007ffa99fa0000 - 0x00007ffa99fb7000 	C:\Program Files\Android\Android Studio\jbr\bin\jli.dll
0x00007ffad4bf0000 - 0x00007ffad4d9e000 	C:\WINDOWS\System32\USER32.dll
0x00007ffabb3a0000 - 0x00007ffabb633000 	C:\WINDOWS\WinSxS\amd64_microsoft.windows.common-controls_6595b64144ccf1df_6.0.22621.2506_none_270c5ae97388e100\COMCTL32.dll
0x00007ffad3570000 - 0x00007ffad3596000 	C:\WINDOWS\System32\win32u.dll
0x00007ffad4050000 - 0x00007ffad40f7000 	C:\WINDOWS\System32\msvcrt.dll
0x00007ffad3f40000 - 0x00007ffad3f69000 	C:\WINDOWS\System32\GDI32.dll
0x00007ffad3450000 - 0x00007ffad3568000 	C:\WINDOWS\System32\gdi32full.dll
0x00007ffad33b0000 - 0x00007ffad344a000 	C:\WINDOWS\System32\msvcp_win.dll
0x00007ffad4db0000 - 0x00007ffad4de1000 	C:\WINDOWS\System32\IMM32.DLL
0x00007ffaa38a0000 - 0x00007ffaa38ac000 	C:\Program Files\Android\Android Studio\jbr\bin\vcruntime140_1.dll
0x00007ffa2e740000 - 0x00007ffa2e7cd000 	C:\Program Files\Android\Android Studio\jbr\bin\msvcp140.dll
0x00007ffa92fd0000 - 0x00007ffa93c3e000 	C:\Program Files\Android\Android Studio\jbr\bin\server\jvm.dll
0x00007ffad3e80000 - 0x00007ffad3f31000 	C:\WINDOWS\System32\ADVAPI32.dll
0x00007ffad4a90000 - 0x00007ffad4b35000 	C:\WINDOWS\System32\sechost.dll
0x00007ffad4fd0000 - 0x00007ffad50e7000 	C:\WINDOWS\System32\RPCRT4.dll
0x00007ffaca220000 - 0x00007ffaca254000 	C:\WINDOWS\SYSTEM32\WINMM.dll
0x00007ffac9bd0000 - 0x00007ffac9bda000 	C:\WINDOWS\SYSTEM32\VERSION.dll
0x00007ffacdb60000 - 0x00007ffacdb69000 	C:\WINDOWS\SYSTEM32\WSOCK32.dll
0x00007ffad4400000 - 0x00007ffad4471000 	C:\WINDOWS\System32\WS2_32.dll
0x00007ffad1cb0000 - 0x00007ffad1cc8000 	C:\WINDOWS\SYSTEM32\kernel.appcore.dll
0x00007ffacdb50000 - 0x00007ffacdb5a000 	C:\Program Files\Android\Android Studio\jbr\bin\jimage.dll
0x00007ffad0580000 - 0x00007ffad07b3000 	C:\WINDOWS\SYSTEM32\DBGHELP.DLL
0x00007ffad4530000 - 0x00007ffad48b9000 	C:\WINDOWS\System32\combase.dll
0x00007ffad3f70000 - 0x00007ffad4047000 	C:\WINDOWS\System32\OLEAUT32.dll
0x00007ffab6e60000 - 0x00007ffab6e92000 	C:\WINDOWS\SYSTEM32\dbgcore.DLL
0x00007ffad35a0000 - 0x00007ffad361a000 	C:\WINDOWS\System32\bcryptPrimitives.dll
0x00007ffa95a60000 - 0x00007ffa95a85000 	C:\Program Files\Android\Android Studio\jbr\bin\java.dll
0x00007ffaa5e60000 - 0x00007ffaa5e78000 	C:\Program Files\Android\Android Studio\jbr\bin\zip.dll
0x00007ffad3620000 - 0x00007ffad3e7a000 	C:\WINDOWS\System32\SHELL32.dll
0x00007ffad0b20000 - 0x00007ffad1416000 	C:\WINDOWS\SYSTEM32\windows.storage.dll
0x00007ffad09e0000 - 0x00007ffad0b1e000 	C:\WINDOWS\SYSTEM32\wintypes.dll
0x00007ffad5790000 - 0x00007ffad5883000 	C:\WINDOWS\System32\SHCORE.dll
0x00007ffad4df0000 - 0x00007ffad4e4e000 	C:\WINDOWS\System32\shlwapi.dll
0x00007ffad2b70000 - 0x00007ffad2b96000 	C:\WINDOWS\SYSTEM32\profapi.dll
0x00007ffaa3a90000 - 0x00007ffaa3aa9000 	C:\Program Files\Android\Android Studio\jbr\bin\net.dll
0x00007ffacc3f0000 - 0x00007ffacc527000 	C:\WINDOWS\SYSTEM32\WINHTTP.dll
0x00007ffad2160000 - 0x00007ffad21c9000 	C:\WINDOWS\system32\mswsock.dll
0x00007ffa9cfe0000 - 0x00007ffa9cff6000 	C:\Program Files\Android\Android Studio\jbr\bin\nio.dll
0x00007ffacdb40000 - 0x00007ffacdb50000 	C:\Program Files\Android\Android Studio\jbr\bin\verify.dll

dbghelp: loaded successfully - version: 4.0.5 - missing functions: none
symbol engine: initialized successfully - sym options: 0x614 - pdb path: .;C:\Program Files\Android\Android Studio\jbr\bin;C:\WINDOWS\SYSTEM32;C:\WINDOWS\WinSxS\amd64_microsoft.windows.common-controls_6595b64144ccf1df_6.0.22621.2506_none_270c5ae97388e100;C:\Program Files\Android\Android Studio\jbr\bin\server

VM Arguments:
java_command: org.jetbrains.kotlin.cli.jvm.K2JVMCompiler @C:\Users\Nurkholis\Downloads\struklearn-v1.0.1\app\build\20231216_7251245687355310512.compiler.options
java_class_path (initial): C:\Users\Nurkholis\Downloads\Absensi-Apps-main\Absensi-Apps-main\caches\modules-2\files-2.1\org.jetbrains.kotlin\kotlin-compiler-embeddable\1.7.20\8db18559a581dd2c36ddfd5046af145650f5b126\kotlin-compiler-embeddable-1.7.20.jar;C:\Users\Nurkholis\Downloads\Absensi-Apps-main\Absensi-Apps-main\caches\modules-2\files-2.1\org.jetbrains.kotlin\kotlin-reflect\1.7.20\12b2501e33bb6373e8e347c86d85481863629381\kotlin-reflect-1.7.20.jar;C:\Users\Nurkholis\Downloads\Absensi-Apps-main\Absensi-Apps-main\caches\modules-2\files-2.1\org.jetbrains.kotlin\kotlin-stdlib\1.7.20\726594ea9ba2beb2ee113647fefa9a10f9fabe52\kotlin-stdlib-1.7.20.jar;C:\Users\Nurkholis\Downloads\Absensi-Apps-main\Absensi-Apps-main\caches\modules-2\files-2.1\org.jetbrains.kotlin\kotlin-script-runtime\1.7.20\bcd1cc6f865e632550357fcc59f5ffd532615a8\kotlin-script-runtime-1.7.20.jar;C:\Users\Nurkholis\Downloads\Absensi-Apps-main\Absensi-Apps-main\caches\modules-2\files-2.1\org.jetbrains.kotlin\kotlin-daemon-embeddable\1.7.20\1e24355adad8d529d75d5b19eab55484057431ba\kotlin-daemon-embeddable-1.7.20.jar;C:\Users\Nurkholis\Downloads\Absensi-Apps-main\Absensi-Apps-main\caches\modules-2\files-2.1\org.jetbrains.intellij.deps\trove4j\1.0.20200330\3afb14d5f9ceb459d724e907a21145e8ff394f02\trove4j-1.0.20200330.jar;C:\Users\Nurkholis\Downloads\Absensi-Apps-main\Absensi-Apps-main\caches\modules-2\files-2.1\net.java.dev.jna\jna\5.6.0\330f2244e9030119ab3030fc3fededc86713d9cc\jna-5.6.0.jar;C:\Users\Nurkholis\Downloads\Absensi-Apps-main\Absensi-Apps-main\caches\modules-2\files-2.1\org.jetbrains.kotlin\kotlin-stdlib-common\1.7.20\e15351bdaf9fa06f009be5da7a202e4184f00ae3\kotlin-stdlib-common-1.7.20.jar;C:\Users\Nurkholis\Downloads\Absensi-Apps-main\Absensi-Apps-main\caches\modules-2\files-2.1\org.jetbrains\annotations\13.0\919f0dfe192fb4e063e7dacadee7f8bb9a2672a9\annotations-13.0.jar
Launcher Type: SUN_STANDARD

[Global flags]
     intx CICompilerCount                          = 4                                         {product} {ergonomic}
     uint ConcGCThreads                            = 3                                         {product} {ergonomic}
     uint G1ConcRefinementThreads                  = 10                                        {product} {ergonomic}
   size_t G1HeapRegionSize                         = 1048576                                   {product} {ergonomic}
    uintx GCDrainStackTargetSize                   = 64                                        {product} {ergonomic}
   size_t InitialHeapSize                          = 123731968                                 {product} {ergonomic}
   size_t MarkStackSize                            = 4194304                                   {product} {ergonomic}
   size_t MaxHeapSize                              = 1967128576                                {product} {ergonomic}
   size_t MaxNewSize                               = 1179648000                                {product} {ergonomic}
   size_t MinHeapDeltaBytes                        = 1048576                                   {product} {ergonomic}
   size_t MinHeapSize                              = 8388608                                   {product} {ergonomic}
    uintx NonNMethodCodeHeapSize                   = 5839372                                {pd product} {ergonomic}
    uintx NonProfiledCodeHeapSize                  = 122909434                              {pd product} {ergonomic}
    uintx ProfiledCodeHeapSize                     = 122909434                              {pd product} {ergonomic}
    uintx ReservedCodeCacheSize                    = 251658240                              {pd product} {ergonomic}
     bool SegmentedCodeCache                       = true                                      {product} {ergonomic}
   size_t SoftMaxHeapSize                          = 1967128576                             {manageable} {ergonomic}
     bool UseCompressedClassPointers               = true                           {product lp64_product} {ergonomic}
     bool UseCompressedOops                        = true                           {product lp64_product} {ergonomic}
     bool UseG1GC                                  = true                                      {product} {ergonomic}
     bool UseLargePagesIndividualAllocation        = false                                  {pd product} {ergonomic}

Logging:
Log output configuration:
 #0: stdout all=warning uptime,level,tags
 #1: stderr all=off uptime,level,tags

Environment Variables:
PATH=C:\Program Files\Common Files\Oracle\Java\javapath;C:\Program Files (x86)\Common Files\Oracle\Java\javapath;C:\Program Files (x86)\Common Files\Intel\Shared Libraries\redist\intel64\compiler;C:\Program Files (x86)\Common Files\Intel\Shared Files\cpp\bin\Intel64;C:\WINDOWS\system32;C:\WINDOWS;C:\WINDOWS\System32\Wbem;C:\WINDOWS\System32\WindowsPowerShell\v1.0\;C:\WINDOWS\System32\OpenSSH\;C:\Program Files\Filestar;C:\ProgramData\Filestar\aliases;C:\Program Files\dotnet\;C:\xampp\php;C:\ProgramData\ComposerSetup\bin;C:\Program Files\Git\cmd;C:\Program Files\Microsoft SQL Server\150\Tools\Binn\;C:\Program Files\Microsoft SQL Server\Client SDK\ODBC\170\Tools\Binn\;C:\SDK\flutter\bin;C:\Program Files (x86)\Windows Kits\10\Windows Performance Toolkit\;C:\SDK\flutter\bin\cache\dart-sdk\bin;C:\Users\Nurkholis\AppData\Local\Pub\Cache\bin;C:\Program Files\nodejs\;D:\pem vis\Tools\WinNT;D:\pem vis\MSDev98\Bin;D:\pem vis\Tools;D:\Microsoft Visual Studio\VC98\bin;C:\SDK\flutter\bin;C:\Program Files\MySQL\MySQL Shell 8.0\bin\;C:\Users\Nurkholis\AppData\Local\Microsoft\WindowsApps;C:\Users\Nurkholis\AppData\Local\Microsoft\WindowsApps;C:\Users\Nurkholis\AppData\Local\Programs\Microsoft VS Code\bin;C:\Users\Nurkholis\AppData\Local\GitHubDesktop\bin;C:\Users\Nurkholis\.dotnet\tools;C:\Users\Nurkholis\AppData\Roaming\Composer\vendor\bin;C:\Program Files\CMake\bin;C:\Users\Nurkholis\AppData\Roaming\npm;C:\Users\Nurkholis\AppData\Local\Android\Sdk\tools\bin;
USERNAME=Nurkholis
OS=Windows_NT
PROCESSOR_IDENTIFIER=AMD64 Family 23 Model 104 Stepping 1, AuthenticAMD
TMP=C:\Users\NURKHO~1\AppData\Local\Temp
TEMP=C:\Users\NURKHO~1\AppData\Local\Temp


JNI global refs:
JNI global refs: 10, weak refs: 23

JNI global refs memory usage: 843, weak refs: 841


---------------  S Y S T E M  ---------------

OS:
 Windows 11 , 64 bit Build 22621 (10.0.22621.2506)
OS uptime: 1 days 1:03 hours
Hyper-V role detected

CPU: total 12 (initial active 12) (12 cores per cpu, 2 threads per core) family 23 model 104 stepping 1 microcode 0x0, cx8, cmov, fxsr, ht, mmx, 3dnowpref, sse, sse2, sse3, ssse3, sse4a, sse4.1, sse4.2, popcnt, lzcnt, tsc, tscinvbit, avx, avx2, aes, clmul, bmi1, bmi2, adx, sha, fma, vzeroupper, clflush, clflushopt, hv

Memory: 4k page, system-wide physical 7502M (411M free)
TotalPageFile size 30030M (AvailPageFile size 3M)
current process WorkingSet (physical memory assigned to process): 275M, peak: 275M
current process commit charge ("private bytes"): 316M, peak: 317M

vm_info: OpenJDK 64-Bit Server VM (17.0.6+0-b2043.56-10027231) for windows-amd64 JRE (17.0.6+0-b2043.56-10027231), built on Apr 28 2023 00:43:19 by "androidbuild" with MS VC++ 16.10 / 16.11 (VS2019)

END.
